{"/home/travis/build/npmtest/node-npmtest-bell/test.js":{"path":"/home/travis/build/npmtest/node-npmtest-bell/test.js","s":{"1":2,"2":2,"3":2,"4":2,"5":2,"6":2,"7":2,"8":1,"9":2,"10":2,"11":1,"12":1,"13":1,"14":1,"15":2,"16":2,"17":2,"18":2,"19":1,"20":1,"21":2,"22":2,"23":2,"24":1,"25":1,"26":1,"27":1,"28":1,"29":1,"30":1,"31":1,"32":1,"33":1,"34":1,"35":1,"36":1,"37":1,"38":1,"39":2,"40":2,"41":1,"42":2,"43":2,"44":1,"45":2,"46":2,"47":1,"48":2,"49":2,"50":1,"51":1,"52":1,"53":1,"54":1},"b":{"1":[2,1,1,1],"2":[1,1,1,1],"3":[1,1],"4":[1,1],"5":[1,1],"6":[1,1],"7":[1,1],"8":[1,1],"9":[1,1],"10":[1,1,1],"11":[1,1],"12":[1,1],"13":[1,1],"14":[1,1],"15":[1,1],"16":[1,1],"17":[1,1]},"f":{"1":2,"2":2,"3":2,"4":2,"5":2,"6":1,"7":1,"8":1,"9":2,"10":2,"11":2,"12":2,"13":1},"fnMap":{"1":{"name":"(anonymous_1)","line":12,"loc":{"start":{"line":12,"column":1},"end":{"line":12,"column":13}}},"2":{"name":"(anonymous_2)","line":19,"loc":{"start":{"line":19,"column":5},"end":{"line":19,"column":17}}},"3":{"name":"(anonymous_3)","line":23,"loc":{"start":{"line":23,"column":24},"end":{"line":23,"column":36}}},"4":{"name":"(anonymous_4)","line":61,"loc":{"start":{"line":61,"column":5},"end":{"line":61,"column":17}}},"5":{"name":"(anonymous_5)","line":82,"loc":{"start":{"line":82,"column":5},"end":{"line":82,"column":17}}},"6":{"name":"(anonymous_6)","line":91,"loc":{"start":{"line":91,"column":77},"end":{"line":94,"column":10}}},"7":{"name":"(anonymous_7)","line":112,"loc":{"start":{"line":112,"column":83},"end":{"line":115,"column":10}},"skip":true},"8":{"name":"(anonymous_8)","line":123,"loc":{"start":{"line":123,"column":77},"end":{"line":126,"column":10}},"skip":true},"9":{"name":"(anonymous_9)","line":139,"loc":{"start":{"line":139,"column":12},"end":{"line":139,"column":40}},"skip":true},"10":{"name":"(anonymous_10)","line":147,"loc":{"start":{"line":147,"column":77},"end":{"line":150,"column":10}},"skip":true},"11":{"name":"(anonymous_11)","line":158,"loc":{"start":{"line":158,"column":83},"end":{"line":161,"column":10}},"skip":true},"12":{"name":"(anonymous_12)","line":169,"loc":{"start":{"line":169,"column":79},"end":{"line":172,"column":10}},"skip":true},"13":{"name":"(anonymous_13)","line":180,"loc":{"start":{"line":180,"column":75},"end":{"line":183,"column":10}},"skip":true}},"statementMap":{"1":{"start":{"line":12,"column":0},"end":{"line":195,"column":5}},"2":{"start":{"line":14,"column":4},"end":{"line":14,"column":14}},"3":{"start":{"line":19,"column":4},"end":{"line":56,"column":9}},"4":{"start":{"line":21,"column":8},"end":{"line":21,"column":19}},"5":{"start":{"line":23,"column":8},"end":{"line":35,"column":13}},"6":{"start":{"line":24,"column":12},"end":{"line":34,"column":13}},"7":{"start":{"line":25,"column":16},"end":{"line":28,"column":30}},"8":{"start":{"line":30,"column":16},"end":{"line":33,"column":27}},"9":{"start":{"line":37,"column":8},"end":{"line":39,"column":21}},"10":{"start":{"line":40,"column":8},"end":{"line":53,"column":9}},"11":{"start":{"line":43,"column":12},"end":{"line":46,"column":14}},"12":{"start":{"line":47,"column":12},"end":{"line":47,"column":18}},"13":{"start":{"line":50,"column":12},"end":{"line":51,"column":33}},"14":{"start":{"line":52,"column":12},"end":{"line":52,"column":18}},"15":{"start":{"line":55,"column":8},"end":{"line":55,"column":35}},"16":{"start":{"line":61,"column":4},"end":{"line":63,"column":9}},"17":{"start":{"line":62,"column":8},"end":{"line":62,"column":15}},"18":{"start":{"line":64,"column":4},"end":{"line":77,"column":5}},"19":{"start":{"line":70,"column":8},"end":{"line":70,"column":14}},"20":{"start":{"line":76,"column":8},"end":{"line":76,"column":14}},"21":{"start":{"line":82,"column":4},"end":{"line":84,"column":9}},"22":{"start":{"line":83,"column":8},"end":{"line":83,"column":15}},"23":{"start":{"line":85,"column":4},"end":{"line":194,"column":5}},"24":{"start":{"line":91,"column":8},"end":{"line":99,"column":10}},"25":{"start":{"line":98,"column":12},"end":{"line":98,"column":35}},"26":{"start":{"line":102,"column":8},"end":{"line":104,"column":63}},"27":{"start":{"line":105,"column":8},"end":{"line":105,"column":14}},"28":{"start":{"line":112,"column":8},"end":{"line":121,"column":10},"skip":true},"29":{"start":{"line":119,"column":12},"end":{"line":119,"column":55},"skip":true},"30":{"start":{"line":120,"column":12},"end":{"line":120,"column":48},"skip":true},"31":{"start":{"line":123,"column":8},"end":{"line":136,"column":10},"skip":true},"32":{"start":{"line":130,"column":12},"end":{"line":130,"column":76},"skip":true},"33":{"start":{"line":131,"column":12},"end":{"line":131,"column":73},"skip":true},"34":{"start":{"line":132,"column":12},"end":{"line":132,"column":74},"skip":true},"35":{"start":{"line":133,"column":12},"end":{"line":133,"column":79},"skip":true},"36":{"start":{"line":134,"column":12},"end":{"line":134,"column":25},"skip":true},"37":{"start":{"line":135,"column":12},"end":{"line":135,"column":45},"skip":true},"38":{"start":{"line":138,"column":8},"end":{"line":145,"column":14},"skip":true},"39":{"start":{"line":143,"column":16},"end":{"line":143,"column":29},"skip":true},"40":{"start":{"line":144,"column":16},"end":{"line":144,"column":55},"skip":true},"41":{"start":{"line":147,"column":8},"end":{"line":156,"column":10},"skip":true},"42":{"start":{"line":154,"column":12},"end":{"line":154,"column":25},"skip":true},"43":{"start":{"line":155,"column":12},"end":{"line":155,"column":45},"skip":true},"44":{"start":{"line":158,"column":8},"end":{"line":167,"column":10},"skip":true},"45":{"start":{"line":165,"column":12},"end":{"line":165,"column":25},"skip":true},"46":{"start":{"line":166,"column":12},"end":{"line":166,"column":48},"skip":true},"47":{"start":{"line":169,"column":8},"end":{"line":178,"column":10},"skip":true},"48":{"start":{"line":176,"column":12},"end":{"line":176,"column":25},"skip":true},"49":{"start":{"line":177,"column":12},"end":{"line":177,"column":46},"skip":true},"50":{"start":{"line":180,"column":8},"end":{"line":189,"column":10},"skip":true},"51":{"start":{"line":187,"column":12},"end":{"line":187,"column":94},"skip":true},"52":{"start":{"line":188,"column":12},"end":{"line":188,"column":48},"skip":true},"53":{"start":{"line":192,"column":8},"end":{"line":192,"column":35},"skip":true},"54":{"start":{"line":193,"column":8},"end":{"line":193,"column":14},"skip":true}},"branchMap":{"1":{"line":25,"type":"binary-expr","locations":[{"start":{"line":25,"column":23},"end":{"line":25,"column":62}},{"start":{"line":26,"column":20},"end":{"line":26,"column":70}},{"start":{"line":27,"column":20},"end":{"line":27,"column":71}},{"start":{"line":28,"column":20},"end":{"line":28,"column":29}}]},"2":{"line":30,"type":"binary-expr","locations":[{"start":{"line":30,"column":23},"end":{"line":30,"column":37}},{"start":{"line":31,"column":20},"end":{"line":31,"column":61}},{"start":{"line":32,"column":20},"end":{"line":32,"column":70}},{"start":{"line":33,"column":20},"end":{"line":33,"column":26}}]},"3":{"line":37,"type":"cond-expr","locations":[{"start":{"line":38,"column":14},"end":{"line":38,"column":20}},{"start":{"line":39,"column":14},"end":{"line":39,"column":20}}]},"4":{"line":40,"type":"switch","locations":[{"start":{"line":42,"column":8},"end":{"line":47,"column":18}},{"start":{"line":49,"column":8},"end":{"line":52,"column":18}}]},"5":{"line":44,"type":"binary-expr","locations":[{"start":{"line":44,"column":16},"end":{"line":44,"column":44}},{"start":{"line":44,"column":48},"end":{"line":44,"column":66}}]},"6":{"line":50,"type":"binary-expr","locations":[{"start":{"line":50,"column":21},"end":{"line":50,"column":49}},{"start":{"line":50,"column":53},"end":{"line":50,"column":72}}]},"7":{"line":64,"type":"switch","locations":[{"start":{"line":69,"column":4},"end":{"line":70,"column":14}},{"start":{"line":75,"column":4},"end":{"line":76,"column":14}}]},"8":{"line":85,"type":"switch","locations":[{"start":{"line":90,"column":4},"end":{"line":105,"column":14}},{"start":{"line":111,"column":4},"end":{"line":193,"column":14},"skip":true}]},"9":{"line":91,"type":"binary-expr","locations":[{"start":{"line":91,"column":42},"end":{"line":91,"column":73}},{"start":{"line":91,"column":77},"end":{"line":99,"column":9}}]},"10":{"line":102,"type":"binary-expr","locations":[{"start":{"line":102,"column":18},"end":{"line":102,"column":32}},{"start":{"line":103,"column":12},"end":{"line":103,"column":53}},{"start":{"line":104,"column":12},"end":{"line":104,"column":61}}]},"11":{"line":112,"type":"binary-expr","locations":[{"start":{"line":112,"column":45},"end":{"line":112,"column":79},"skip":true},{"start":{"line":112,"column":83},"end":{"line":121,"column":9},"skip":true}]},"12":{"line":123,"type":"binary-expr","locations":[{"start":{"line":123,"column":42},"end":{"line":123,"column":73},"skip":true},{"start":{"line":123,"column":77},"end":{"line":136,"column":9},"skip":true}]},"13":{"line":138,"type":"binary-expr","locations":[{"start":{"line":138,"column":48},"end":{"line":138,"column":85},"skip":true},{"start":{"line":139,"column":12},"end":{"line":145,"column":13},"skip":true}]},"14":{"line":147,"type":"binary-expr","locations":[{"start":{"line":147,"column":42},"end":{"line":147,"column":73},"skip":true},{"start":{"line":147,"column":77},"end":{"line":156,"column":9},"skip":true}]},"15":{"line":158,"type":"binary-expr","locations":[{"start":{"line":158,"column":45},"end":{"line":158,"column":79},"skip":true},{"start":{"line":158,"column":83},"end":{"line":167,"column":9},"skip":true}]},"16":{"line":169,"type":"binary-expr","locations":[{"start":{"line":169,"column":43},"end":{"line":169,"column":75},"skip":true},{"start":{"line":169,"column":79},"end":{"line":178,"column":9},"skip":true}]},"17":{"line":180,"type":"binary-expr","locations":[{"start":{"line":180,"column":41},"end":{"line":180,"column":71},"skip":true},{"start":{"line":180,"column":75},"end":{"line":189,"column":9},"skip":true}]}},"code":["/* istanbul instrument in package npmtest_bell */","/*jslint","    bitwise: true,","    browser: true,","    maxerr: 8,","    maxlen: 96,","    node: true,","    nomen: true,","    regexp: true,","    stupid: true","*/","(function () {","    'use strict';","    var local;","","","","    // run shared js-env code - pre-init","    (function () {","        // init local","        local = {};","        // init modeJs","        local.modeJs = (function () {","            try {","                return typeof navigator.userAgent === 'string' &&","                    typeof document.querySelector('body') === 'object' &&","                    typeof XMLHttpRequest.prototype.open === 'function' &&","                    'browser';","            } catch (errorCaughtBrowser) {","                return module.exports &&","                    typeof process.versions.node === 'string' &&","                    typeof require('http').createServer === 'function' &&","                    'node';","            }","        }());","        // init global","        local.global = local.modeJs === 'browser'","            ? window","            : global;","        switch (local.modeJs) {","        // re-init local from window.local","        case 'browser':","            local = local.global.utility2.objectSetDefault(","                local.global.utility2_rollup || local.global.local,","                local.global.utility2","            );","            break;","        // re-init local from example.js","        case 'node':","            local = (local.global.utility2_rollup || require('utility2'))","                .requireReadme();","            break;","        }","        // export local","        local.global.local = local;","    }());","","","","    // run shared js-env code - function","    (function () {","        return;","    }());","    switch (local.modeJs) {","","","","    // run browser js-env code - function","    case 'browser':","        break;","","","","    // run node js-env code - function","    case 'node':","        break;","    }","","","","    // run shared js-env code - post-init","    (function () {","        return;","    }());","    switch (local.modeJs) {","","","","    // run browser js-env code - post-init","    case 'browser':","        local.testCase_browser_nullCase = local.testCase_browser_nullCase || function (","            options,","            onError","        ) {","        /*","         * this function will test browsers's null-case handling-behavior-behavior","         */","            onError(null, options);","        };","","        // run tests","        local.nop(local.modeTest &&","            document.querySelector('#testRunButton1') &&","            document.querySelector('#testRunButton1').click());","        break;","","","","    // run node js-env code - post-init","    /* istanbul ignore next */","    case 'node':","        local.testCase_buildApidoc_default = local.testCase_buildApidoc_default || function (","            options,","            onError","        ) {","        /*","         * this function will test buildApidoc's default handling-behavior-behavior","         */","            options = { modulePathList: module.paths };","            local.buildApidoc(options, onError);","        };","","        local.testCase_buildApp_default = local.testCase_buildApp_default || function (","            options,","            onError","        ) {","        /*","         * this function will test buildApp's default handling-behavior-behavior","         */","            local.testCase_buildReadme_default(options, local.onErrorThrow);","            local.testCase_buildLib_default(options, local.onErrorThrow);","            local.testCase_buildTest_default(options, local.onErrorThrow);","            local.testCase_buildCustomOrg_default(options, local.onErrorThrow);","            options = [];","            local.buildApp(options, onError);","        };","","        local.testCase_buildCustomOrg_default = local.testCase_buildCustomOrg_default ||","            function (options, onError) {","            /*","             * this function will test buildCustomOrg's default handling-behavior","             */","                options = {};","                local.buildCustomOrg(options, onError);","            };","","        local.testCase_buildLib_default = local.testCase_buildLib_default || function (","            options,","            onError","        ) {","        /*","         * this function will test buildLib's default handling-behavior","         */","            options = {};","            local.buildLib(options, onError);","        };","","        local.testCase_buildReadme_default = local.testCase_buildReadme_default || function (","            options,","            onError","        ) {","        /*","         * this function will test buildReadme's default handling-behavior-behavior","         */","            options = {};","            local.buildReadme(options, onError);","        };","","        local.testCase_buildTest_default = local.testCase_buildTest_default || function (","            options,","            onError","        ) {","        /*","         * this function will test buildTest's default handling-behavior","         */","            options = {};","            local.buildTest(options, onError);","        };","","        local.testCase_webpage_default = local.testCase_webpage_default || function (","            options,","            onError","        ) {","        /*","         * this function will test webpage's default handling-behavior","         */","            options = { modeCoverageMerge: true, url: local.serverLocalHost + '?modeTest=1' };","            local.browserTest(options, onError);","        };","","        // run test-server","        local.testRunServer(local);","        break;","    }","}());",""],"l":{"12":2,"14":2,"19":2,"21":2,"23":2,"24":2,"25":2,"30":1,"37":2,"40":2,"43":1,"47":1,"50":1,"52":1,"55":2,"61":2,"62":2,"64":2,"70":1,"76":1,"82":2,"83":2,"85":2,"91":1,"98":1,"102":1,"105":1,"112":1,"119":1,"120":1,"123":1,"130":1,"131":1,"132":1,"133":1,"134":1,"135":1,"138":1,"143":2,"144":2,"147":1,"154":2,"155":2,"158":1,"165":2,"166":2,"169":1,"176":2,"177":2,"180":1,"187":1,"188":1,"192":1,"193":1}},"/home/travis/build/npmtest/node-npmtest-bell/lib.npmtest_bell.js":{"path":"/home/travis/build/npmtest/node-npmtest-bell/lib.npmtest_bell.js","s":{"1":2,"2":2,"3":2,"4":2,"5":2,"6":2,"7":2,"8":1,"9":2,"10":2,"11":2,"12":2,"13":1,"14":1,"15":1,"16":1},"b":{"1":[2,1,1,1],"2":[1,1,1,1],"3":[1,1],"4":[2,2],"5":[1,1]},"f":{"1":2,"2":2,"3":2},"fnMap":{"1":{"name":"(anonymous_1)","line":12,"loc":{"start":{"line":12,"column":1},"end":{"line":12,"column":13}}},"2":{"name":"(anonymous_2)","line":19,"loc":{"start":{"line":19,"column":5},"end":{"line":19,"column":17}}},"3":{"name":"(anonymous_3)","line":23,"loc":{"start":{"line":23,"column":24},"end":{"line":23,"column":36}}}},"statementMap":{"1":{"start":{"line":12,"column":0},"end":{"line":53,"column":5}},"2":{"start":{"line":14,"column":4},"end":{"line":14,"column":14}},"3":{"start":{"line":19,"column":4},"end":{"line":52,"column":9}},"4":{"start":{"line":21,"column":8},"end":{"line":21,"column":19}},"5":{"start":{"line":23,"column":8},"end":{"line":35,"column":13}},"6":{"start":{"line":24,"column":12},"end":{"line":34,"column":13}},"7":{"start":{"line":25,"column":16},"end":{"line":28,"column":30}},"8":{"start":{"line":30,"column":16},"end":{"line":33,"column":27}},"9":{"start":{"line":37,"column":8},"end":{"line":39,"column":21}},"10":{"start":{"line":41,"column":8},"end":{"line":41,"column":54}},"11":{"start":{"line":43,"column":8},"end":{"line":43,"column":49}},"12":{"start":{"line":45,"column":8},"end":{"line":51,"column":9}},"13":{"start":{"line":46,"column":12},"end":{"line":46,"column":55}},"14":{"start":{"line":48,"column":12},"end":{"line":48,"column":35}},"15":{"start":{"line":49,"column":12},"end":{"line":49,"column":49}},"16":{"start":{"line":50,"column":12},"end":{"line":50,"column":43}}},"branchMap":{"1":{"line":25,"type":"binary-expr","locations":[{"start":{"line":25,"column":23},"end":{"line":25,"column":62}},{"start":{"line":26,"column":20},"end":{"line":26,"column":70}},{"start":{"line":27,"column":20},"end":{"line":27,"column":71}},{"start":{"line":28,"column":20},"end":{"line":28,"column":29}}]},"2":{"line":30,"type":"binary-expr","locations":[{"start":{"line":30,"column":23},"end":{"line":30,"column":37}},{"start":{"line":31,"column":20},"end":{"line":31,"column":61}},{"start":{"line":32,"column":20},"end":{"line":32,"column":70}},{"start":{"line":33,"column":20},"end":{"line":33,"column":26}}]},"3":{"line":37,"type":"cond-expr","locations":[{"start":{"line":38,"column":14},"end":{"line":38,"column":20}},{"start":{"line":39,"column":14},"end":{"line":39,"column":20}}]},"4":{"line":41,"type":"binary-expr","locations":[{"start":{"line":41,"column":16},"end":{"line":41,"column":44}},{"start":{"line":41,"column":48},"end":{"line":41,"column":53}}]},"5":{"line":45,"type":"if","locations":[{"start":{"line":45,"column":8},"end":{"line":45,"column":8}},{"start":{"line":45,"column":8},"end":{"line":45,"column":8}}]}},"code":["/* istanbul instrument in package npmtest_bell */","/*jslint","    bitwise: true,","    browser: true,","    maxerr: 8,","    maxlen: 96,","    node: true,","    nomen: true,","    regexp: true,","    stupid: true","*/","(function () {","    'use strict';","    var local;","","","","    // run shared js-env code - pre-init","    (function () {","        // init local","        local = {};","        // init modeJs","        local.modeJs = (function () {","            try {","                return typeof navigator.userAgent === 'string' &&","                    typeof document.querySelector('body') === 'object' &&","                    typeof XMLHttpRequest.prototype.open === 'function' &&","                    'browser';","            } catch (errorCaughtBrowser) {","                return module.exports &&","                    typeof process.versions.node === 'string' &&","                    typeof require('http').createServer === 'function' &&","                    'node';","            }","        }());","        // init global","        local.global = local.modeJs === 'browser'","            ? window","            : global;","        // init utility2_rollup","        local = local.global.utility2_rollup || local;","        // init lib","        local.local = local.npmtest_bell = local;","        // init exports","        if (local.modeJs === 'browser') {","            local.global.utility2_npmtest_bell = local;","        } else {","            module.exports = local;","            module.exports.__dirname = __dirname;","            module.exports.module = module;","        }","    }());","}());",""],"l":{"12":2,"14":2,"19":2,"21":2,"23":2,"24":2,"25":2,"30":1,"37":2,"41":2,"43":2,"45":2,"46":1,"48":1,"49":1,"50":1}},"/home/travis/build/npmtest/node-npmtest-bell/example.js":{"path":"/home/travis/build/npmtest/node-npmtest-bell/example.js","s":{"1":2,"2":2,"3":2,"4":2,"5":2,"6":2,"7":2,"8":1,"9":2,"10":2,"11":2,"12":2,"13":1,"14":2,"15":2,"16":2,"17":2,"18":2,"19":0,"20":2,"21":1,"22":1,"23":1,"24":1,"25":1,"26":0,"27":0,"28":1,"29":1,"30":2,"31":0,"32":0,"33":0,"34":1,"35":2,"36":2,"37":3,"38":3,"39":3,"40":3,"41":0,"42":3,"43":3,"44":3,"45":1,"46":3,"47":1,"48":1,"49":1,"50":1,"51":1,"52":1,"53":1,"54":1,"55":1,"56":1,"57":0,"58":1,"59":6,"60":6,"61":1,"62":2,"63":0,"64":2,"65":1,"66":1,"67":0,"68":0,"69":0,"70":0,"71":0,"72":0,"73":0,"74":0,"75":0,"76":0,"77":0,"78":0,"79":0,"80":0,"81":0,"82":0,"83":0},"b":{"1":[2,1,1,1],"2":[1,1,1,1],"3":[1,1],"4":[2,2],"5":[1,1],"6":[1,1],"7":[2,0],"8":[2,1,1,1,1,1],"9":[0,2,0],"10":[1,1],"11":[2,1,1],"12":[1,0],"13":[0,2],"14":[2,0,0,0,0,0,0],"15":[0,3],"16":[3,0],"17":[1,1],"18":[0,1],"19":[1,2,0,2],"20":[1,0],"21":[1,1],"22":[0,0],"23":[0,0],"24":[0,0],"25":[0,0],"26":[0,0],"27":[0,0],"28":[0,0]},"f":{"1":2,"2":2,"3":2,"4":2,"5":2,"6":2,"7":3,"8":3,"9":3,"10":1,"11":6,"12":0},"fnMap":{"1":{"name":"(anonymous_1)","line":26,"loc":{"start":{"line":26,"column":1},"end":{"line":26,"column":13}}},"2":{"name":"(anonymous_2)","line":33,"loc":{"start":{"line":33,"column":5},"end":{"line":33,"column":17}}},"3":{"name":"(anonymous_3)","line":37,"loc":{"start":{"line":37,"column":24},"end":{"line":37,"column":36}}},"4":{"name":"(anonymous_4)","line":69,"loc":{"start":{"line":69,"column":31},"end":{"line":69,"column":48}},"skip":true},"5":{"name":"(anonymous_5)","line":78,"loc":{"start":{"line":78,"column":26},"end":{"line":78,"column":45}},"skip":true},"6":{"name":"(anonymous_6)","line":123,"loc":{"start":{"line":123,"column":33},"end":{"line":123,"column":48}},"skip":true},"7":{"name":"(anonymous_7)","line":125,"loc":{"start":{"line":125,"column":27},"end":{"line":125,"column":39}},"skip":true},"8":{"name":"(anonymous_8)","line":133,"loc":{"start":{"line":133,"column":59},"end":{"line":133,"column":74}},"skip":true},"9":{"name":"(anonymous_9)","line":143,"loc":{"start":{"line":143,"column":45},"end":{"line":143,"column":62}},"skip":true},"10":{"name":"(anonymous_10)","line":144,"loc":{"start":{"line":144,"column":73},"end":{"line":144,"column":92}},"skip":true},"11":{"name":"(anonymous_11)","line":272,"loc":{"start":{"line":272,"column":51},"end":{"line":272,"column":77}},"skip":true},"12":{"name":"(anonymous_12)","line":315,"loc":{"start":{"line":315,"column":32},"end":{"line":315,"column":61}},"skip":true}},"statementMap":{"1":{"start":{"line":26,"column":0},"end":{"line":326,"column":5}},"2":{"start":{"line":28,"column":4},"end":{"line":28,"column":14}},"3":{"start":{"line":33,"column":4},"end":{"line":60,"column":9}},"4":{"start":{"line":35,"column":8},"end":{"line":35,"column":19}},"5":{"start":{"line":37,"column":8},"end":{"line":49,"column":13}},"6":{"start":{"line":38,"column":12},"end":{"line":48,"column":13}},"7":{"start":{"line":39,"column":16},"end":{"line":42,"column":30}},"8":{"start":{"line":44,"column":16},"end":{"line":47,"column":27}},"9":{"start":{"line":51,"column":8},"end":{"line":53,"column":21}},"10":{"start":{"line":55,"column":8},"end":{"line":57,"column":45}},"11":{"start":{"line":59,"column":8},"end":{"line":59,"column":35}},"12":{"start":{"line":61,"column":4},"end":{"line":325,"column":5}},"13":{"start":{"line":69,"column":8},"end":{"line":121,"column":10},"skip":true},"14":{"start":{"line":70,"column":12},"end":{"line":88,"column":13},"skip":true},"15":{"start":{"line":76,"column":16},"end":{"line":87,"column":19},"skip":true},"16":{"start":{"line":79,"column":20},"end":{"line":86,"column":21},"skip":true},"17":{"start":{"line":82,"column":24},"end":{"line":82,"column":43},"skip":true},"18":{"start":{"line":83,"column":24},"end":{"line":83,"column":30},"skip":true},"19":{"start":{"line":85,"column":24},"end":{"line":85,"column":49},"skip":true},"20":{"start":{"line":89,"column":12},"end":{"line":107,"column":13},"skip":true},"21":{"start":{"line":92,"column":16},"end":{"line":102,"column":17},"skip":true},"22":{"start":{"line":93,"column":20},"end":{"line":93,"column":86},"skip":true},"23":{"start":{"line":94,"column":20},"end":{"line":95,"column":45},"skip":true},"24":{"start":{"line":96,"column":20},"end":{"line":96,"column":42},"skip":true},"25":{"start":{"line":97,"column":20},"end":{"line":97,"column":48},"skip":true},"26":{"start":{"line":100,"column":20},"end":{"line":100,"column":85},"skip":true},"27":{"start":{"line":101,"column":20},"end":{"line":101,"column":96},"skip":true},"28":{"start":{"line":103,"column":16},"end":{"line":103,"column":22},"skip":true},"29":{"start":{"line":106,"column":16},"end":{"line":106,"column":22},"skip":true},"30":{"start":{"line":108,"column":12},"end":{"line":120,"column":13},"skip":true},"31":{"start":{"line":114,"column":16},"end":{"line":119,"column":17},"skip":true},"32":{"start":{"line":116,"column":20},"end":{"line":116,"column":78},"skip":true},"33":{"start":{"line":118,"column":20},"end":{"line":118,"column":47},"skip":true},"34":{"start":{"line":123,"column":8},"end":{"line":141,"column":11},"skip":true},"35":{"start":{"line":124,"column":12},"end":{"line":124,"column":54},"skip":true},"36":{"start":{"line":125,"column":12},"end":{"line":140,"column":14},"skip":true},"37":{"start":{"line":126,"column":16},"end":{"line":126,"column":28},"skip":true},"38":{"start":{"line":127,"column":16},"end":{"line":127,"column":69},"skip":true},"39":{"start":{"line":128,"column":16},"end":{"line":128,"column":75},"skip":true},"40":{"start":{"line":129,"column":16},"end":{"line":131,"column":17},"skip":true},"41":{"start":{"line":130,"column":20},"end":{"line":130,"column":27},"skip":true},"42":{"start":{"line":133,"column":16},"end":{"line":137,"column":36},"skip":true},"43":{"start":{"line":134,"column":20},"end":{"line":136,"column":55},"skip":true},"44":{"start":{"line":139,"column":16},"end":{"line":139,"column":57},"skip":true},"45":{"start":{"line":143,"column":8},"end":{"line":147,"column":11},"skip":true},"46":{"start":{"line":144,"column":12},"end":{"line":146,"column":15},"skip":true},"47":{"start":{"line":145,"column":16},"end":{"line":145,"column":70},"skip":true},"48":{"start":{"line":149,"column":8},"end":{"line":149,"column":31},"skip":true},"49":{"start":{"line":150,"column":8},"end":{"line":150,"column":14},"skip":true},"50":{"start":{"line":158,"column":8},"end":{"line":158,"column":31},"skip":true},"51":{"start":{"line":160,"column":8},"end":{"line":160,"column":33},"skip":true},"52":{"start":{"line":161,"column":8},"end":{"line":161,"column":37},"skip":true},"53":{"start":{"line":162,"column":8},"end":{"line":162,"column":35},"skip":true},"54":{"start":{"line":164,"column":8},"end":{"line":164,"column":50},"skip":true},"55":{"start":{"line":166,"column":8},"end":{"line":256,"column":2},"skip":true},"56":{"start":{"line":258,"column":8},"end":{"line":286,"column":9},"skip":true},"57":{"start":{"line":259,"column":12},"end":{"line":269,"column":14},"skip":true},"58":{"start":{"line":271,"column":12},"end":{"line":285,"column":19},"skip":true},"59":{"start":{"line":274,"column":20},"end":{"line":274,"column":35},"skip":true},"60":{"start":{"line":275,"column":20},"end":{"line":284,"column":21},"skip":true},"61":{"start":{"line":277,"column":24},"end":{"line":277,"column":64},"skip":true},"62":{"start":{"line":279,"column":24},"end":{"line":279,"column":40},"skip":true},"63":{"start":{"line":281,"column":24},"end":{"line":281,"column":40},"skip":true},"64":{"start":{"line":283,"column":24},"end":{"line":283,"column":39},"skip":true},"65":{"start":{"line":288,"column":8},"end":{"line":290,"column":9},"skip":true},"66":{"start":{"line":289,"column":12},"end":{"line":289,"column":18},"skip":true},"67":{"start":{"line":291,"column":8},"end":{"line":293,"column":54},"skip":true},"68":{"start":{"line":296,"column":8},"end":{"line":301,"column":37},"skip":true},"69":{"start":{"line":303,"column":8},"end":{"line":303,"column":82},"skip":true},"70":{"start":{"line":306,"column":8},"end":{"line":308,"column":9},"skip":true},"71":{"start":{"line":307,"column":12},"end":{"line":307,"column":82},"skip":true},"72":{"start":{"line":310,"column":8},"end":{"line":312,"column":9},"skip":true},"73":{"start":{"line":311,"column":12},"end":{"line":311,"column":18},"skip":true},"74":{"start":{"line":313,"column":8},"end":{"line":313,"column":54},"skip":true},"75":{"start":{"line":314,"column":8},"end":{"line":314,"column":69},"skip":true},"76":{"start":{"line":315,"column":8},"end":{"line":323,"column":36},"skip":true},"77":{"start":{"line":316,"column":12},"end":{"line":316,"column":61},"skip":true},"78":{"start":{"line":317,"column":12},"end":{"line":320,"column":13},"skip":true},"79":{"start":{"line":318,"column":16},"end":{"line":318,"column":75},"skip":true},"80":{"start":{"line":319,"column":16},"end":{"line":319,"column":23},"skip":true},"81":{"start":{"line":321,"column":12},"end":{"line":321,"column":38},"skip":true},"82":{"start":{"line":322,"column":12},"end":{"line":322,"column":27},"skip":true},"83":{"start":{"line":324,"column":8},"end":{"line":324,"column":14},"skip":true}},"branchMap":{"1":{"line":39,"type":"binary-expr","locations":[{"start":{"line":39,"column":23},"end":{"line":39,"column":62}},{"start":{"line":40,"column":20},"end":{"line":40,"column":70}},{"start":{"line":41,"column":20},"end":{"line":41,"column":71}},{"start":{"line":42,"column":20},"end":{"line":42,"column":29}}]},"2":{"line":44,"type":"binary-expr","locations":[{"start":{"line":44,"column":23},"end":{"line":44,"column":37}},{"start":{"line":45,"column":20},"end":{"line":45,"column":61}},{"start":{"line":46,"column":20},"end":{"line":46,"column":70}},{"start":{"line":47,"column":20},"end":{"line":47,"column":26}}]},"3":{"line":51,"type":"cond-expr","locations":[{"start":{"line":52,"column":14},"end":{"line":52,"column":20}},{"start":{"line":53,"column":14},"end":{"line":53,"column":20}}]},"4":{"line":55,"type":"binary-expr","locations":[{"start":{"line":55,"column":16},"end":{"line":55,"column":44}},{"start":{"line":55,"column":49},"end":{"line":57,"column":43}}]},"5":{"line":55,"type":"cond-expr","locations":[{"start":{"line":56,"column":14},"end":{"line":56,"column":48}},{"start":{"line":57,"column":14},"end":{"line":57,"column":43}}]},"6":{"line":61,"type":"switch","locations":[{"start":{"line":68,"column":4},"end":{"line":150,"column":14},"skip":true},{"start":{"line":156,"column":4},"end":{"line":324,"column":14},"skip":true}]},"7":{"line":70,"type":"if","locations":[{"start":{"line":70,"column":12},"end":{"line":70,"column":12},"skip":true},{"start":{"line":70,"column":12},"end":{"line":70,"column":12},"skip":true}]},"8":{"line":70,"type":"binary-expr","locations":[{"start":{"line":70,"column":16},"end":{"line":70,"column":22},"skip":true},{"start":{"line":70,"column":27},"end":{"line":70,"column":32},"skip":true},{"start":{"line":71,"column":20},"end":{"line":71,"column":39},"skip":true},{"start":{"line":72,"column":20},"end":{"line":72,"column":49},"skip":true},{"start":{"line":73,"column":20},"end":{"line":73,"column":58},"skip":true},{"start":{"line":74,"column":20},"end":{"line":74,"column":69},"skip":true}]},"9":{"line":79,"type":"switch","locations":[{"start":{"line":80,"column":20},"end":{"line":80,"column":33},"skip":true},{"start":{"line":81,"column":20},"end":{"line":83,"column":30},"skip":true},{"start":{"line":84,"column":20},"end":{"line":85,"column":49},"skip":true}]},"10":{"line":89,"type":"switch","locations":[{"start":{"line":90,"column":12},"end":{"line":103,"column":22},"skip":true},{"start":{"line":105,"column":12},"end":{"line":106,"column":22},"skip":true}]},"11":{"line":89,"type":"binary-expr","locations":[{"start":{"line":89,"column":20},"end":{"line":89,"column":25},"skip":true},{"start":{"line":89,"column":29},"end":{"line":89,"column":48},"skip":true},{"start":{"line":89,"column":52},"end":{"line":89,"column":74},"skip":true}]},"12":{"line":92,"type":"if","locations":[{"start":{"line":92,"column":16},"end":{"line":92,"column":16},"skip":true},{"start":{"line":92,"column":16},"end":{"line":92,"column":16},"skip":true}]},"13":{"line":108,"type":"if","locations":[{"start":{"line":108,"column":12},"end":{"line":108,"column":12},"skip":true},{"start":{"line":108,"column":12},"end":{"line":108,"column":12},"skip":true}]},"14":{"line":108,"type":"binary-expr","locations":[{"start":{"line":108,"column":16},"end":{"line":108,"column":61},"skip":true},{"start":{"line":108,"column":66},"end":{"line":108,"column":72},"skip":true},{"start":{"line":108,"column":77},"end":{"line":108,"column":82},"skip":true},{"start":{"line":109,"column":20},"end":{"line":109,"column":39},"skip":true},{"start":{"line":110,"column":20},"end":{"line":110,"column":49},"skip":true},{"start":{"line":111,"column":20},"end":{"line":111,"column":58},"skip":true},{"start":{"line":112,"column":20},"end":{"line":112,"column":68},"skip":true}]},"15":{"line":129,"type":"if","locations":[{"start":{"line":129,"column":16},"end":{"line":129,"column":16},"skip":true},{"start":{"line":129,"column":16},"end":{"line":129,"column":16},"skip":true}]},"16":{"line":134,"type":"cond-expr","locations":[{"start":{"line":135,"column":26},"end":{"line":135,"column":29},"skip":true},{"start":{"line":136,"column":26},"end":{"line":136,"column":54},"skip":true}]},"17":{"line":164,"type":"binary-expr","locations":[{"start":{"line":164,"column":27},"end":{"line":164,"column":43},"skip":true},{"start":{"line":164,"column":47},"end":{"line":164,"column":49},"skip":true}]},"18":{"line":258,"type":"if","locations":[{"start":{"line":258,"column":8},"end":{"line":258,"column":8},"skip":true},{"start":{"line":258,"column":8},"end":{"line":258,"column":8},"skip":true}]},"19":{"line":275,"type":"switch","locations":[{"start":{"line":276,"column":20},"end":{"line":277,"column":64},"skip":true},{"start":{"line":278,"column":20},"end":{"line":279,"column":40},"skip":true},{"start":{"line":280,"column":20},"end":{"line":281,"column":40},"skip":true},{"start":{"line":282,"column":20},"end":{"line":283,"column":39},"skip":true}]},"20":{"line":288,"type":"if","locations":[{"start":{"line":288,"column":8},"end":{"line":288,"column":8},"skip":true},{"start":{"line":288,"column":8},"end":{"line":288,"column":8},"skip":true}]},"21":{"line":288,"type":"binary-expr","locations":[{"start":{"line":288,"column":12},"end":{"line":288,"column":40},"skip":true},{"start":{"line":288,"column":44},"end":{"line":288,"column":67},"skip":true}]},"22":{"line":292,"type":"binary-expr","locations":[{"start":{"line":292,"column":12},"end":{"line":292,"column":50},"skip":true},{"start":{"line":293,"column":12},"end":{"line":293,"column":53},"skip":true}]},"23":{"line":297,"type":"binary-expr","locations":[{"start":{"line":297,"column":12},"end":{"line":297,"column":62},"skip":true},{"start":{"line":298,"column":12},"end":{"line":301,"column":36},"skip":true}]},"24":{"line":303,"type":"binary-expr","locations":[{"start":{"line":303,"column":43},"end":{"line":303,"column":75},"skip":true},{"start":{"line":303,"column":79},"end":{"line":303,"column":81},"skip":true}]},"25":{"line":306,"type":"if","locations":[{"start":{"line":306,"column":8},"end":{"line":306,"column":8},"skip":true},{"start":{"line":306,"column":8},"end":{"line":306,"column":8},"skip":true}]},"26":{"line":310,"type":"if","locations":[{"start":{"line":310,"column":8},"end":{"line":310,"column":8},"skip":true},{"start":{"line":310,"column":8},"end":{"line":310,"column":8},"skip":true}]},"27":{"line":313,"type":"binary-expr","locations":[{"start":{"line":313,"column":27},"end":{"line":313,"column":43},"skip":true},{"start":{"line":313,"column":47},"end":{"line":313,"column":53},"skip":true}]},"28":{"line":317,"type":"if","locations":[{"start":{"line":317,"column":12},"end":{"line":317,"column":12},"skip":true},{"start":{"line":317,"column":12},"end":{"line":317,"column":12},"skip":true}]}},"code":["/*","example.js","","quickstart example","","instruction","    1. save this script as example.js","    2. run the shell command:","        $ npm install npmtest-bell && PORT=8081 node example.js","    3. play with the browser-demo on http://127.0.0.1:8081","*/","","","","/* istanbul instrument in package npmtest_bell */","/*jslint","    bitwise: true,","    browser: true,","    maxerr: 8,","    maxlen: 96,","    node: true,","    nomen: true,","    regexp: true,","    stupid: true","*/","(function () {","    'use strict';","    var local;","","","","    // run shared js-env code - pre-init","    (function () {","        // init local","        local = {};","        // init modeJs","        local.modeJs = (function () {","            try {","                return typeof navigator.userAgent === 'string' &&","                    typeof document.querySelector('body') === 'object' &&","                    typeof XMLHttpRequest.prototype.open === 'function' &&","                    'browser';","            } catch (errorCaughtBrowser) {","                return module.exports &&","                    typeof process.versions.node === 'string' &&","                    typeof require('http').createServer === 'function' &&","                    'node';","            }","        }());","        // init global","        local.global = local.modeJs === 'browser'","            ? window","            : global;","        // init utility2_rollup","        local = local.global.utility2_rollup || (local.modeJs === 'browser'","            ? local.global.utility2_npmtest_bell","            : global.utility2_moduleExports);","        // export local","        local.global.local = local;","    }());","    switch (local.modeJs) {","","","","    // post-init","    // run browser js-env code - post-init","    /* istanbul ignore next */","    case 'browser':","        local.testRunBrowser = function (event) {","            if (!event || (event &&","                    event.currentTarget &&","                    event.currentTarget.className &&","                    event.currentTarget.className.includes &&","                    event.currentTarget.className.includes('onreset'))) {","                // reset output","                Array.from(","                    document.querySelectorAll('body > .resettable')","                ).forEach(function (element) {","                    switch (element.tagName) {","                    case 'INPUT':","                    case 'TEXTAREA':","                        element.value = '';","                        break;","                    default:","                        element.textContent = '';","                    }","                });","            }","            switch (event && event.currentTarget && event.currentTarget.id) {","            case 'testRunButton1':","                // show tests","                if (document.querySelector('#testReportDiv1').style.display === 'none') {","                    document.querySelector('#testReportDiv1').style.display = 'block';","                    document.querySelector('#testRunButton1').textContent =","                        'hide internal test';","                    local.modeTest = true;","                    local.testRunDefault(local);","                // hide tests","                } else {","                    document.querySelector('#testReportDiv1').style.display = 'none';","                    document.querySelector('#testRunButton1').textContent = 'run internal test';","                }","                break;","            // custom-case","            default:","                break;","            }","            if (document.querySelector('#inputTextareaEval1') && (!event || (event &&","                    event.currentTarget &&","                    event.currentTarget.className &&","                    event.currentTarget.className.includes &&","                    event.currentTarget.className.includes('oneval')))) {","                // try to eval input-code","                try {","                    /*jslint evil: true*/","                    eval(document.querySelector('#inputTextareaEval1').value);","                } catch (errorCaught) {","                    console.error(errorCaught);","                }","            }","        };","        // log stderr and stdout to #outputTextareaStdout1","        ['error', 'log'].forEach(function (key) {","            console[key + '_original'] = console[key];","            console[key] = function () {","                var element;","                console[key + '_original'].apply(console, arguments);","                element = document.querySelector('#outputTextareaStdout1');","                if (!element) {","                    return;","                }","                // append text to #outputTextareaStdout1","                element.value += Array.from(arguments).map(function (arg) {","                    return typeof arg === 'string'","                        ? arg","                        : JSON.stringify(arg, null, 4);","                }).join(' ') + '\\n';","                // scroll textarea to bottom","                element.scrollTop = element.scrollHeight;","            };","        });","        // init event-handling","        ['change', 'click', 'keyup'].forEach(function (event) {","            Array.from(document.querySelectorAll('.on' + event)).forEach(function (element) {","                element.addEventListener(event, local.testRunBrowser);","            });","        });","        // run tests","        local.testRunBrowser();","        break;","","","","    // run node js-env code - post-init","    /* istanbul ignore next */","    case 'node':","        // export local","        module.exports = local;","        // require modules","        local.fs = require('fs');","        local.http = require('http');","        local.url = require('url');","        // init assets","        local.assetsDict = local.assetsDict || {};","        /* jslint-ignore-begin */","        local.assetsDict['/assets.index.template.html'] = '\\","<!doctype html>\\n\\","<html lang=\"en\">\\n\\","<head>\\n\\","<meta charset=\"UTF-8\">\\n\\","<meta name=\"viewport\" content=\"width=device-width, initial-scale=1\">\\n\\","<title>{{env.npm_package_name}} (v{{env.npm_package_version}})</title>\\n\\","<style>\\n\\","/*csslint\\n\\","    box-sizing: false,\\n\\","    universal-selector: false\\n\\","*/\\n\\","* {\\n\\","    box-sizing: border-box;\\n\\","}\\n\\","body {\\n\\","    background: #dde;\\n\\","    font-family: Arial, Helvetica, sans-serif;\\n\\","    margin: 2rem;\\n\\","}\\n\\","body > * {\\n\\","    margin-bottom: 1rem;\\n\\","}\\n\\",".utility2FooterDiv {\\n\\","    margin-top: 20px;\\n\\","    text-align: center;\\n\\","}\\n\\","</style>\\n\\","<style>\\n\\","/*csslint\\n\\","*/\\n\\","textarea {\\n\\","    font-family: monospace;\\n\\","    height: 10rem;\\n\\","    width: 100%;\\n\\","}\\n\\","textarea[readonly] {\\n\\","    background: #ddd;\\n\\","}\\n\\","</style>\\n\\","</head>\\n\\","<body>\\n\\","<!-- utility2-comment\\n\\","<div id=\"ajaxProgressDiv1\" style=\"background: #d00; height: 2px; left: 0; margin: 0; padding: 0; position: fixed; top: 0; transition: background 0.5s, width 1.5s; width: 25%;\"></div>\\n\\","utility2-comment -->\\n\\","<h1>\\n\\","<!-- utility2-comment\\n\\","    <a\\n\\","        {{#if env.npm_package_homepage}}\\n\\","        href=\"{{env.npm_package_homepage}}\"\\n\\","        {{/if env.npm_package_homepage}}\\n\\","        target=\"_blank\"\\n\\","    >\\n\\","utility2-comment -->\\n\\","        {{env.npm_package_name}} (v{{env.npm_package_version}})\\n\\","<!-- utility2-comment\\n\\","    </a>\\n\\","utility2-comment -->\\n\\","</h1>\\n\\","<h3>{{env.npm_package_description}}</h3>\\n\\","<!-- utility2-comment\\n\\","<h4><a download href=\"assets.app.js\">download standalone app</a></h4>\\n\\","<button class=\"onclick onreset\" id=\"testRunButton1\">run internal test</button><br>\\n\\","<div id=\"testReportDiv1\" style=\"display: none;\"></div>\\n\\","utility2-comment -->\\n\\","\\n\\","\\n\\","\\n\\","<label>stderr and stdout</label>\\n\\","<textarea class=\"resettable\" id=\"outputTextareaStdout1\" readonly></textarea>\\n\\","<!-- utility2-comment\\n\\","{{#if isRollup}}\\n\\","<script src=\"assets.app.js\"></script>\\n\\","{{#unless isRollup}}\\n\\","utility2-comment -->\\n\\","<script src=\"assets.utility2.rollup.js\"></script>\\n\\","<script src=\"jsonp.utility2._stateInit?callback=window.utility2._stateInit\"></script>\\n\\","<script src=\"assets.npmtest_bell.rollup.js\"></script>\\n\\","<script src=\"assets.example.js\"></script>\\n\\","<script src=\"assets.test.js\"></script>\\n\\","<!-- utility2-comment\\n\\","{{/if isRollup}}\\n\\","utility2-comment -->\\n\\","<div class=\"utility2FooterDiv\">\\n\\","    [ this app was created with\\n\\","    <a href=\"https://github.com/kaizhu256/node-utility2\" target=\"_blank\">utility2</a>\\n\\","    ]\\n\\","</div>\\n\\","</body>\\n\\","</html>\\n\\","';","        /* jslint-ignore-end */","        if (local.templateRender) {","            local.assetsDict['/'] = local.templateRender(","                local.assetsDict['/assets.index.template.html'],","                {","                    env: local.objectSetDefault(local.env, {","                        npm_package_description: 'the greatest app in the world!',","                        npm_package_name: 'my-app',","                        npm_package_nameAlias: 'my_app',","                        npm_package_version: '0.0.1'","                    })","                }","            );","        } else {","            local.assetsDict['/'] = local.assetsDict['/assets.index.template.html']","                .replace((/\\{\\{env\\.(\\w+?)\\}\\}/g), function (match0, match1) {","                    // jslint-hack","                    String(match0);","                    switch (match1) {","                    case 'npm_package_description':","                        return 'the greatest app in the world!';","                    case 'npm_package_name':","                        return 'my-app';","                    case 'npm_package_nameAlias':","                        return 'my_app';","                    case 'npm_package_version':","                        return '0.0.1';","                    }","                });","        }","        // run the cli","        if (local.global.utility2_rollup || module !== require.main) {","            break;","        }","        local.assetsDict['/assets.example.js'] =","            local.assetsDict['/assets.example.js'] ||","            local.fs.readFileSync(__filename, 'utf8');","        // bug-workaround - long $npm_package_buildCustomOrg","        /* jslint-ignore-begin */","        local.assetsDict['/assets.npmtest_bell.rollup.js'] =","            local.assetsDict['/assets.npmtest_bell.rollup.js'] ||","            local.fs.readFileSync(","                local.npmtest_bell.__dirname + '/lib.npmtest_bell.js',","                'utf8'","            ).replace((/^#!/), '//');","        /* jslint-ignore-end */","        local.assetsDict['/favicon.ico'] = local.assetsDict['/favicon.ico'] || '';","        // if $npm_config_timeout_exit exists,","        // then exit this process after $npm_config_timeout_exit ms","        if (Number(process.env.npm_config_timeout_exit)) {","            setTimeout(process.exit, Number(process.env.npm_config_timeout_exit));","        }","        // start server","        if (local.global.utility2_serverHttp1) {","            break;","        }","        process.env.PORT = process.env.PORT || '8081';","        console.error('server starting on port ' + process.env.PORT);","        local.http.createServer(function (request, response) {","            request.urlParsed = local.url.parse(request.url);","            if (local.assetsDict[request.urlParsed.pathname] !== undefined) {","                response.end(local.assetsDict[request.urlParsed.pathname]);","                return;","            }","            response.statusCode = 404;","            response.end();","        }).listen(process.env.PORT);","        break;","    }","}());",""],"l":{"26":2,"28":2,"33":2,"35":2,"37":2,"38":2,"39":2,"44":1,"51":2,"55":2,"59":2,"61":2,"69":1,"70":2,"76":2,"79":2,"82":2,"83":2,"85":1,"89":2,"92":1,"93":1,"94":1,"96":1,"97":1,"100":1,"101":1,"103":1,"106":1,"108":2,"114":1,"116":1,"118":1,"123":1,"124":2,"125":2,"126":3,"127":3,"128":3,"129":3,"130":1,"133":3,"134":3,"139":3,"143":1,"144":3,"145":1,"149":1,"150":1,"158":1,"160":1,"161":1,"162":1,"164":1,"166":1,"258":1,"259":1,"271":1,"274":6,"275":6,"277":1,"279":2,"281":1,"283":2,"288":1,"289":1,"291":1,"296":1,"303":1,"306":1,"307":1,"310":1,"311":1,"313":1,"314":1,"315":1,"316":1,"317":1,"318":1,"319":1,"321":1,"322":1,"324":1}},"/home/travis/build/npmtest/node-npmtest-bell/node_modules/bell/lib/index.js":{"path":"/home/travis/build/npmtest/node-npmtest-bell/node_modules/bell/lib/index.js","s":{"1":1,"2":1,"3":1,"4":1,"5":1,"6":1,"7":1,"8":1,"9":0,"10":0,"11":0,"12":1,"13":1,"14":1,"15":0,"16":0,"17":0,"18":0,"19":0,"20":0,"21":0,"22":0,"23":0,"24":0,"25":0,"26":0,"27":0,"28":0,"29":0,"30":0,"31":0,"32":0,"33":0,"34":1,"35":0,"36":1,"37":0,"38":0,"39":0,"40":0,"41":0,"42":0,"43":0,"44":0,"45":0,"46":0,"47":0,"48":0},"b":{"1":[0,0],"2":[0,0],"3":[0,0],"4":[0,0],"5":[0,0],"6":[0,0],"7":[0,0],"8":[0,0]},"f":{"1":0,"2":0,"3":0,"4":0,"5":0},"fnMap":{"1":{"name":"(anonymous_1)","line":27,"loc":{"start":{"line":27,"column":19},"end":{"line":27,"column":52}}},"2":{"name":"(anonymous_2)","line":81,"loc":{"start":{"line":81,"column":27},"end":{"line":81,"column":54}}},"3":{"name":"(anonymous_3)","line":139,"loc":{"start":{"line":139,"column":19},"end":{"line":139,"column":46}}},"4":{"name":"(anonymous_4)","line":145,"loc":{"start":{"line":145,"column":22},"end":{"line":145,"column":42}}},"5":{"name":"(anonymous_5)","line":151,"loc":{"start":{"line":151,"column":22},"end":{"line":151,"column":48}}}},"statementMap":{"1":{"start":{"line":5,"column":0},"end":{"line":5,"column":29}},"2":{"start":{"line":6,"column":0},"end":{"line":6,"column":27}},"3":{"start":{"line":7,"column":0},"end":{"line":7,"column":33}},"4":{"start":{"line":8,"column":0},"end":{"line":8,"column":41}},"5":{"start":{"line":13,"column":0},"end":{"line":16,"column":2}},"6":{"start":{"line":21,"column":0},"end":{"line":21,"column":30}},"7":{"start":{"line":22,"column":0},"end":{"line":22,"column":22}},"8":{"start":{"line":27,"column":0},"end":{"line":32,"column":2}},"9":{"start":{"line":29,"column":4},"end":{"line":29,"column":57}},"10":{"start":{"line":30,"column":4},"end":{"line":30,"column":34}},"11":{"start":{"line":31,"column":4},"end":{"line":31,"column":11}},"12":{"start":{"line":34,"column":0},"end":{"line":36,"column":2}},"13":{"start":{"line":39,"column":0},"end":{"line":78,"column":3}},"14":{"start":{"line":81,"column":0},"end":{"line":136,"column":2}},"15":{"start":{"line":83,"column":4},"end":{"line":83,"column":62}},"16":{"start":{"line":87,"column":4},"end":{"line":93,"column":5}},"17":{"start":{"line":88,"column":8},"end":{"line":88,"column":59}},"18":{"start":{"line":91,"column":8},"end":{"line":91,"column":42}},"19":{"start":{"line":92,"column":8},"end":{"line":92,"column":85}},"20":{"start":{"line":95,"column":4},"end":{"line":95,"column":61}},"21":{"start":{"line":96,"column":4},"end":{"line":96,"column":47}},"22":{"start":{"line":99,"column":4},"end":{"line":99,"column":29}},"23":{"start":{"line":103,"column":4},"end":{"line":114,"column":6}},"24":{"start":{"line":116,"column":4},"end":{"line":116,"column":65}},"25":{"start":{"line":117,"column":4},"end":{"line":129,"column":5}},"26":{"start":{"line":118,"column":8},"end":{"line":118,"column":53}},"27":{"start":{"line":123,"column":8},"end":{"line":125,"column":9}},"28":{"start":{"line":124,"column":12},"end":{"line":124,"column":28}},"29":{"start":{"line":126,"column":8},"end":{"line":126,"column":40}},"30":{"start":{"line":127,"column":8},"end":{"line":127,"column":53}},"31":{"start":{"line":131,"column":4},"end":{"line":133,"column":5}},"32":{"start":{"line":132,"column":8},"end":{"line":132,"column":45}},"33":{"start":{"line":135,"column":4},"end":{"line":135,"column":102}},"34":{"start":{"line":139,"column":0},"end":{"line":142,"column":2}},"35":{"start":{"line":141,"column":4},"end":{"line":141,"column":41}},"36":{"start":{"line":145,"column":0},"end":{"line":177,"column":2}},"37":{"start":{"line":147,"column":4},"end":{"line":147,"column":31}},"38":{"start":{"line":148,"column":4},"end":{"line":148,"column":48}},"39":{"start":{"line":150,"column":4},"end":{"line":176,"column":6}},"40":{"start":{"line":153,"column":12},"end":{"line":174,"column":15}},"41":{"start":{"line":155,"column":16},"end":{"line":157,"column":17}},"42":{"start":{"line":156,"column":20},"end":{"line":156,"column":38}},"43":{"start":{"line":159,"column":16},"end":{"line":163,"column":18}},"44":{"start":{"line":165,"column":16},"end":{"line":171,"column":17}},"45":{"start":{"line":166,"column":20},"end":{"line":166,"column":56}},"46":{"start":{"line":169,"column":20},"end":{"line":169,"column":63}},"47":{"start":{"line":170,"column":20},"end":{"line":170,"column":49}},"48":{"start":{"line":173,"column":16},"end":{"line":173,"column":98}}},"branchMap":{"1":{"line":87,"type":"if","locations":[{"start":{"line":87,"column":4},"end":{"line":87,"column":4}},{"start":{"line":87,"column":4},"end":{"line":87,"column":4}}]},"2":{"line":88,"type":"binary-expr","locations":[{"start":{"line":88,"column":24},"end":{"line":88,"column":46}},{"start":{"line":88,"column":50},"end":{"line":88,"column":58}}]},"3":{"line":116,"type":"binary-expr","locations":[{"start":{"line":116,"column":22},"end":{"line":116,"column":37}},{"start":{"line":116,"column":41},"end":{"line":116,"column":64}}]},"4":{"line":123,"type":"if","locations":[{"start":{"line":123,"column":8},"end":{"line":123,"column":8}},{"start":{"line":123,"column":8},"end":{"line":123,"column":8}}]},"5":{"line":131,"type":"if","locations":[{"start":{"line":131,"column":4},"end":{"line":131,"column":4}},{"start":{"line":131,"column":4},"end":{"line":131,"column":4}}]},"6":{"line":135,"type":"cond-expr","locations":[{"start":{"line":135,"column":69},"end":{"line":135,"column":77}},{"start":{"line":135,"column":80},"end":{"line":135,"column":88}}]},"7":{"line":155,"type":"if","locations":[{"start":{"line":155,"column":16},"end":{"line":155,"column":16}},{"start":{"line":155,"column":16},"end":{"line":155,"column":16}}]},"8":{"line":165,"type":"if","locations":[{"start":{"line":165,"column":16},"end":{"line":165,"column":16}},{"start":{"line":165,"column":16},"end":{"line":165,"column":16}}]}},"code":["'use strict';","","// Load modules","","const Hoek = require('hoek');","const Joi = require('joi');","const OAuth = require('./oauth');","const Providers = require('./providers');","","","// Declare internals","","const internals = {","    simulate: false,","    flexBoolean: Joi.boolean().truthy('true', 'yes', 1, '1').falsy('false', 'no', 0, '0')","};","","","// Utilities","","exports.providers = Providers;","exports.oauth = OAuth;","","","// Plugin","","exports.register = function (server, options, next) {","","    server.auth.scheme('bell', internals.implementation);","    server.expose('oauth', OAuth);","    next();","};","","exports.register.attributes = {","    pkg: require('../package.json')","};","","","internals.schema = Joi.object({","    provider: Joi.object({","        name: Joi.string().optional().default('custom'),","        protocol: Joi.string().valid('oauth', 'oauth2'),","        temporary: Joi.string().when('protocol', { is: 'oauth', then: Joi.required(), otherwise: Joi.forbidden() }),","        signatureMethod: Joi.string().valid('HMAC-SHA1', 'RSA-SHA1').when('protocol', { is: 'oauth', then: Joi.default('HMAC-SHA1'), otherwise: Joi.forbidden() }),","        auth: Joi.string().required(),","        useParamsAuth: internals.flexBoolean.default(false).when('protocol', { is: 'oauth2', then: Joi.optional(), otherwise: Joi.forbidden() }),","        token: Joi.string().required(),","        headers: Joi.object(),","        profile: Joi.func(),","        scope: Joi.alternatives().try(","            Joi.array().items(Joi.string()),","            Joi.func()","        ).when('protocol', { is: 'oauth2', otherwise: Joi.forbidden() }),","        scopeSeparator: Joi.string().when('protocol', { is: 'oauth2', otherwise: Joi.forbidden() }),","        version: Joi.string()","    }).required(),","    password: Joi.string().required(),","    clientId: Joi.string().required(),","    clientSecret: Joi.string().required().allow(''),","    cookie: Joi.string(),","    isSecure: internals.flexBoolean,","    isHttpOnly: internals.flexBoolean,","    ttl: Joi.number(),","    domain: Joi.string().allow(null),","    providerParams: Joi.alternatives().try(Joi.object(), Joi.func()),","    allowRuntimeProviderParams: internals.flexBoolean.default(false),","    scope: Joi.alternatives().try(","        Joi.array().items(Joi.string()),","        Joi.func()","    ).when('provider.protocol', { is: 'oauth2', otherwise: Joi.forbidden() }),","    name: Joi.string().required(),","    config: Joi.object(),","    profileParams: Joi.object(),","    skipProfile: internals.flexBoolean.optional().default(false),","    forceHttps: internals.flexBoolean.optional().default(false),","    location: Joi.string().optional().default(false),","    runtimeStateCallback: Joi.func().optional()","});","","","internals.implementation = function (server, options) {","","    let settings = Hoek.cloneWithShallow(options, 'provider');      // Options can be reused","","    // Lookup provider","","    if (typeof settings.provider === 'object') {","        settings.name = settings.provider.name || 'custom';","    }","    else {","        settings.name = settings.provider;","        settings.provider = Providers[settings.provider].call(null, settings.config);","    }","","    const results = Joi.validate(settings, internals.schema);","    Hoek.assert(!results.error, results.error);","","    // Passed validation, use Joi converted settings","    settings = results.value;","","    // Setup cookie for managing temporary authorization state","","    const cookieOptions = {","        encoding: 'iron',","        path: '/',","        password: settings.password,","        isSecure: settings.isSecure !== false,                  // Defaults to true","        isHttpOnly: settings.isHttpOnly !== false,              // Defaults to true","        isSameSite: false,","        ttl: settings.ttl,","        domain: settings.domain,","        ignoreErrors: true,","        clearInvalid: true","    };","","    settings.cookie = settings.cookie || 'bell-' + settings.name;","    try {","        server.state(settings.cookie, cookieOptions);","    }","    catch (exception) {","        /* $lab:coverage:off$ */","        // This is to support Hapi 13.5.0 so that adding isSameSite: false option is not a breaking change","        if (exception.message.indexOf('isSameSite') === -1) {","            throw exception;","        }","        delete cookieOptions.isSameSite;","        server.state(settings.cookie, cookieOptions);","        /* $lab:coverage:on$ */","    }","","    if (internals.simulate) {","        return internals.simulated(settings);","    }","","    return { authenticate: (settings.provider.protocol === 'oauth' ? OAuth.v1 : OAuth.v2)(settings) };","};","","","exports.simulate = function (credentialsFunc) {","","    internals.simulate = credentialsFunc;","};","","","internals.simulated = function (settings) {","","    const name = settings.name;","    const protocol = settings.provider.protocol;","","    return {","        authenticate: function (request, reply) {","","            internals.simulate(request, (err, result) => {","","                if (err) {","                    return reply(err);","                }","","                const credentials = {","                    provider: name,","                    token: 'oauth_token',","                    query: request.query","                };","","                if (protocol === 'oauth') {","                    credentials.secret = 'token_secret';","                }","                else {","                    credentials.refreshToken = 'refresh_token';","                    credentials.expiresIn = 3600;","                }","","                return reply.continue({ credentials: Hoek.applyToDefaults(credentials, result) });","            });","        }","    };","};",""],"l":{"5":1,"6":1,"7":1,"8":1,"13":1,"21":1,"22":1,"27":1,"29":0,"30":0,"31":0,"34":1,"39":1,"81":1,"83":0,"87":0,"88":0,"91":0,"92":0,"95":0,"96":0,"99":0,"103":0,"116":0,"117":0,"118":0,"123":0,"124":0,"126":0,"127":0,"131":0,"132":0,"135":0,"139":1,"141":0,"145":1,"147":0,"148":0,"150":0,"153":0,"155":0,"156":0,"159":0,"165":0,"166":0,"169":0,"170":0,"173":0}},"/home/travis/build/npmtest/node-npmtest-bell/node_modules/bell/lib/oauth.js":{"path":"/home/travis/build/npmtest/node-npmtest-bell/node_modules/bell/lib/oauth.js","s":{"1":1,"2":1,"3":1,"4":1,"5":1,"6":1,"7":1,"8":1,"9":1,"10":0,"11":0,"12":0,"13":0,"14":0,"15":0,"16":0,"17":0,"18":0,"19":0,"20":0,"21":0,"22":0,"23":0,"24":0,"25":0,"26":0,"27":0,"28":0,"29":0,"30":0,"31":0,"32":0,"33":0,"34":0,"35":0,"36":0,"37":0,"38":0,"39":0,"40":0,"41":0,"42":0,"43":0,"44":0,"45":0,"46":0,"47":0,"48":0,"49":0,"50":0,"51":0,"52":0,"53":0,"54":0,"55":1,"56":0,"57":0,"58":0,"59":0,"60":0,"61":0,"62":0,"63":0,"64":0,"65":0,"66":0,"67":0,"68":0,"69":0,"70":0,"71":0,"72":0,"73":0,"74":0,"75":0,"76":0,"77":0,"78":0,"79":0,"80":0,"81":0,"82":0,"83":0,"84":0,"85":0,"86":0,"87":0,"88":0,"89":0,"90":0,"91":0,"92":0,"93":0,"94":0,"95":0,"96":0,"97":0,"98":0,"99":0,"100":0,"101":0,"102":0,"103":0,"104":0,"105":0,"106":0,"107":0,"108":0,"109":0,"110":0,"111":0,"112":0,"113":0,"114":0,"115":0,"116":0,"117":0,"118":0,"119":0,"120":0,"121":0,"122":0,"123":0,"124":0,"125":0,"126":0,"127":0,"128":1,"129":0,"130":0,"131":0,"132":0,"133":0,"134":1,"135":0,"136":0,"137":1,"138":0,"139":0,"140":1,"141":0,"142":0,"143":1,"144":0,"145":0,"146":1,"147":0,"148":0,"149":0,"150":0,"151":0,"152":0,"153":0,"154":0,"155":0,"156":0,"157":0,"158":0,"159":0,"160":0,"161":0,"162":0,"163":0,"164":0,"165":0,"166":0,"167":0,"168":0,"169":0,"170":0,"171":0,"172":0,"173":1,"174":0,"175":0,"176":0,"177":0,"178":0,"179":0,"180":1,"181":0,"182":0,"183":0,"184":0,"185":1,"186":0,"187":0,"188":0,"189":0,"190":0,"191":0,"192":0,"193":0,"194":0,"195":0,"196":0,"197":0,"198":0,"199":0,"200":0,"201":0,"202":0,"203":0,"204":0,"205":0,"206":0,"207":0,"208":0,"209":0,"210":1,"211":1,"212":1,"213":128,"214":66,"215":62,"216":1,"217":1,"218":0,"219":0,"220":0,"221":0,"222":0,"223":0,"224":1,"225":0,"226":0,"227":0,"228":0,"229":0,"230":0,"231":1,"232":0,"233":0,"234":0,"235":1,"236":0,"237":0,"238":0,"239":0,"240":0,"241":0,"242":1,"243":0,"244":0,"245":0,"246":0,"247":0,"248":0,"249":0,"250":0,"251":0,"252":0,"253":0,"254":1,"255":0,"256":1,"257":0,"258":0},"b":{"1":[0,0],"2":[0,0],"3":[0,0],"4":[0,0],"5":[0,0],"6":[0,0],"7":[0,0],"8":[0,0],"9":[0,0],"10":[0,0],"11":[0,0],"12":[0,0],"13":[0,0],"14":[0,0],"15":[0,0],"16":[0,0],"17":[0,0],"18":[0,0,0],"19":[0,0],"20":[0,0],"21":[0,0],"22":[0,0],"23":[0,0],"24":[0,0],"25":[0,0],"26":[0,0],"27":[0,0],"28":[0,0],"29":[0,0],"30":[0,0],"31":[0,0],"32":[0,0],"33":[0,0],"34":[0,0],"35":[0,0],"36":[0,0,0],"37":[0,0],"38":[0,0],"39":[0,0],"40":[0,0],"41":[0,0],"42":[0,0],"43":[0,0],"44":[0,0],"45":[0,0],"46":[0,0],"47":[0,0],"48":[0,0],"49":[0,0],"50":[0,0],"51":[0,0],"52":[0,0],"53":[0,0],"54":[0,0],"55":[0,0],"56":[0,0],"57":[0,0],"58":[0,0],"59":[0,0],"60":[0,0,0,0,0],"61":[0,0],"62":[0,0],"63":[0,0],"64":[0,0],"65":[0,0],"66":[0,0],"67":[0,0],"68":[0,0],"69":[0,0],"70":[0,0],"71":[0,0],"72":[66,62],"73":[128,80,118,63,92,31,66,65,64,63],"74":[0,0],"75":[0,0],"76":[0,0],"77":[0,0],"78":[0,0],"79":[0,0],"80":[0,0],"81":[0,0],"82":[0,0],"83":[0,0],"84":[0,0],"85":[0,0],"86":[0,0],"87":[0,0]},"f":{"1":0,"2":0,"3":0,"4":0,"5":0,"6":0,"7":0,"8":0,"9":0,"10":0,"11":0,"12":0,"13":0,"14":0,"15":0,"16":0,"17":1,"18":0,"19":0,"20":0,"21":0,"22":0},"fnMap":{"1":{"name":"(anonymous_1)","line":21,"loc":{"start":{"line":21,"column":13},"end":{"line":21,"column":33}}},"2":{"name":"(anonymous_2)","line":25,"loc":{"start":{"line":25,"column":11},"end":{"line":25,"column":37}}},"3":{"name":"(anonymous_3)","line":116,"loc":{"start":{"line":116,"column":24},"end":{"line":116,"column":57}}},"4":{"name":"(anonymous_4)","line":141,"loc":{"start":{"line":141,"column":13},"end":{"line":141,"column":33}}},"5":{"name":"(anonymous_5)","line":143,"loc":{"start":{"line":143,"column":11},"end":{"line":143,"column":37}}},"6":{"name":"(anonymous_6)","line":270,"loc":{"start":{"line":270,"column":24},"end":{"line":270,"column":57}}},"7":{"name":"(anonymous_7)","line":313,"loc":{"start":{"line":313,"column":28},"end":{"line":313,"column":80}}},"8":{"name":"(anonymous_8)","line":327,"loc":{"start":{"line":327,"column":36},"end":{"line":327,"column":55}}},"9":{"name":"(anonymous_9)","line":340,"loc":{"start":{"line":340,"column":39},"end":{"line":340,"column":75}}},"10":{"name":"(anonymous_10)","line":352,"loc":{"start":{"line":352,"column":35},"end":{"line":352,"column":95}}},"11":{"name":"(anonymous_11)","line":365,"loc":{"start":{"line":365,"column":38},"end":{"line":365,"column":88}}},"12":{"name":"(anonymous_12)","line":377,"loc":{"start":{"line":377,"column":38},"end":{"line":377,"column":95}}},"13":{"name":"(anonymous_13)","line":435,"loc":{"start":{"line":435,"column":26},"end":{"line":435,"column":43}}},"14":{"name":"(anonymous_14)","line":450,"loc":{"start":{"line":450,"column":27},"end":{"line":450,"column":42}}},"15":{"name":"(anonymous_15)","line":462,"loc":{"start":{"line":462,"column":39},"end":{"line":462,"column":94}}},"16":{"name":"(anonymous_16)","line":467,"loc":{"start":{"line":467,"column":22},"end":{"line":467,"column":40}}},"17":{"name":"(anonymous_17)","line":520,"loc":{"start":{"line":520,"column":25},"end":{"line":520,"column":37}}},"18":{"name":"(anonymous_18)","line":542,"loc":{"start":{"line":542,"column":19},"end":{"line":542,"column":37}}},"19":{"name":"(anonymous_19)","line":559,"loc":{"start":{"line":559,"column":18},"end":{"line":559,"column":37}}},"20":{"name":"(anonymous_20)","line":575,"loc":{"start":{"line":575,"column":21},"end":{"line":575,"column":60}}},"21":{"name":"(anonymous_21)","line":587,"loc":{"start":{"line":587,"column":28},"end":{"line":587,"column":45}}},"22":{"name":"(anonymous_22)","line":602,"loc":{"start":{"line":602,"column":55},"end":{"line":602,"column":73}}}},"statementMap":{"1":{"start":{"line":5,"column":0},"end":{"line":5,"column":43}},"2":{"start":{"line":6,"column":0},"end":{"line":6,"column":27}},"3":{"start":{"line":7,"column":0},"end":{"line":7,"column":29}},"4":{"start":{"line":8,"column":0},"end":{"line":8,"column":39}},"5":{"start":{"line":9,"column":0},"end":{"line":9,"column":33}},"6":{"start":{"line":10,"column":0},"end":{"line":10,"column":29}},"7":{"start":{"line":11,"column":0},"end":{"line":11,"column":31}},"8":{"start":{"line":16,"column":0},"end":{"line":18,"column":2}},"9":{"start":{"line":21,"column":0},"end":{"line":138,"column":2}},"10":{"start":{"line":23,"column":4},"end":{"line":23,"column":50}},"11":{"start":{"line":25,"column":4},"end":{"line":137,"column":6}},"12":{"start":{"line":27,"column":8},"end":{"line":27,"column":39}},"13":{"start":{"line":28,"column":8},"end":{"line":28,"column":35}},"14":{"start":{"line":29,"column":8},"end":{"line":29,"column":36}},"15":{"start":{"line":30,"column":8},"end":{"line":30,"column":66}},"16":{"start":{"line":34,"column":8},"end":{"line":38,"column":9}},"17":{"start":{"line":37,"column":12},"end":{"line":37,"column":64}},"18":{"start":{"line":42,"column":8},"end":{"line":44,"column":9}},"19":{"start":{"line":43,"column":12},"end":{"line":43,"column":113}},"20":{"start":{"line":48,"column":8},"end":{"line":76,"column":9}},"21":{"start":{"line":52,"column":12},"end":{"line":52,"column":92}},"22":{"start":{"line":53,"column":12},"end":{"line":75,"column":15}},"23":{"start":{"line":55,"column":16},"end":{"line":57,"column":17}},"24":{"start":{"line":56,"column":20},"end":{"line":56,"column":38}},"25":{"start":{"line":59,"column":16},"end":{"line":63,"column":18}},"26":{"start":{"line":65,"column":16},"end":{"line":65,"column":43}},"27":{"start":{"line":67,"column":16},"end":{"line":67,"column":100}},"28":{"start":{"line":68,"column":16},"end":{"line":68,"column":60}},"29":{"start":{"line":70,"column":16},"end":{"line":72,"column":17}},"30":{"start":{"line":71,"column":20},"end":{"line":71,"column":57}},"31":{"start":{"line":74,"column":16},"end":{"line":74,"column":103}},"32":{"start":{"line":80,"column":8},"end":{"line":82,"column":9}},"33":{"start":{"line":81,"column":12},"end":{"line":81,"column":109}},"34":{"start":{"line":84,"column":8},"end":{"line":84,"column":44}},"35":{"start":{"line":85,"column":8},"end":{"line":87,"column":9}},"36":{"start":{"line":86,"column":12},"end":{"line":86,"column":87}},"37":{"start":{"line":89,"column":8},"end":{"line":89,"column":30}},"38":{"start":{"line":91,"column":8},"end":{"line":93,"column":9}},"39":{"start":{"line":92,"column":12},"end":{"line":92,"column":85}},"40":{"start":{"line":97,"column":8},"end":{"line":136,"column":11}},"41":{"start":{"line":99,"column":12},"end":{"line":101,"column":13}},"42":{"start":{"line":100,"column":16},"end":{"line":100,"column":34}},"43":{"start":{"line":103,"column":12},"end":{"line":108,"column":14}},"44":{"start":{"line":110,"column":12},"end":{"line":112,"column":13}},"45":{"start":{"line":111,"column":16},"end":{"line":111,"column":55}},"46":{"start":{"line":116,"column":12},"end":{"line":130,"column":14}},"47":{"start":{"line":118,"column":16},"end":{"line":120,"column":17}},"48":{"start":{"line":119,"column":20},"end":{"line":119,"column":63}},"49":{"start":{"line":122,"column":16},"end":{"line":129,"column":19}},"50":{"start":{"line":124,"column":20},"end":{"line":126,"column":21}},"51":{"start":{"line":125,"column":24},"end":{"line":125,"column":42}},"52":{"start":{"line":128,"column":20},"end":{"line":128,"column":39}},"53":{"start":{"line":132,"column":12},"end":{"line":135,"column":15}},"54":{"start":{"line":134,"column":16},"end":{"line":134,"column":55}},"55":{"start":{"line":141,"column":0},"end":{"line":310,"column":2}},"56":{"start":{"line":143,"column":4},"end":{"line":309,"column":6}},"57":{"start":{"line":145,"column":8},"end":{"line":145,"column":39}},"58":{"start":{"line":146,"column":8},"end":{"line":146,"column":35}},"59":{"start":{"line":147,"column":8},"end":{"line":147,"column":66}},"60":{"start":{"line":148,"column":8},"end":{"line":148,"column":18}},"61":{"start":{"line":149,"column":8},"end":{"line":149,"column":18}},"62":{"start":{"line":152,"column":8},"end":{"line":154,"column":9}},"63":{"start":{"line":153,"column":12},"end":{"line":153,"column":145}},"64":{"start":{"line":157,"column":8},"end":{"line":159,"column":9}},"65":{"start":{"line":158,"column":12},"end":{"line":158,"column":113}},"66":{"start":{"line":163,"column":8},"end":{"line":198,"column":9}},"67":{"start":{"line":164,"column":12},"end":{"line":164,"column":72}},"68":{"start":{"line":165,"column":12},"end":{"line":165,"column":86}},"69":{"start":{"line":167,"column":12},"end":{"line":169,"column":13}},"70":{"start":{"line":168,"column":16},"end":{"line":168,"column":49}},"71":{"start":{"line":171,"column":12},"end":{"line":171,"column":48}},"72":{"start":{"line":172,"column":12},"end":{"line":172,"column":41}},"73":{"start":{"line":173,"column":12},"end":{"line":173,"column":90}},"74":{"start":{"line":174,"column":12},"end":{"line":174,"column":32}},"75":{"start":{"line":176,"column":12},"end":{"line":181,"column":13}},"76":{"start":{"line":177,"column":16},"end":{"line":177,"column":76}},"77":{"start":{"line":178,"column":16},"end":{"line":180,"column":17}},"78":{"start":{"line":179,"column":20},"end":{"line":179,"column":48}},"79":{"start":{"line":183,"column":12},"end":{"line":183,"column":66}},"80":{"start":{"line":184,"column":12},"end":{"line":186,"column":13}},"81":{"start":{"line":185,"column":16},"end":{"line":185,"column":39}},"82":{"start":{"line":187,"column":12},"end":{"line":189,"column":13}},"83":{"start":{"line":188,"column":16},"end":{"line":188,"column":82}},"84":{"start":{"line":191,"column":12},"end":{"line":194,"column":14}},"85":{"start":{"line":196,"column":12},"end":{"line":196,"column":39}},"86":{"start":{"line":197,"column":12},"end":{"line":197,"column":95}},"87":{"start":{"line":202,"column":8},"end":{"line":202,"column":38}},"88":{"start":{"line":203,"column":8},"end":{"line":205,"column":9}},"89":{"start":{"line":204,"column":12},"end":{"line":204,"column":87}},"90":{"start":{"line":207,"column":8},"end":{"line":207,"column":30}},"91":{"start":{"line":209,"column":8},"end":{"line":209,"column":55}},"92":{"start":{"line":210,"column":8},"end":{"line":212,"column":9}},"93":{"start":{"line":211,"column":12},"end":{"line":211,"column":82}},"94":{"start":{"line":214,"column":8},"end":{"line":218,"column":10}},"95":{"start":{"line":220,"column":8},"end":{"line":223,"column":9}},"96":{"start":{"line":221,"column":12},"end":{"line":221,"column":48}},"97":{"start":{"line":222,"column":12},"end":{"line":222,"column":56}},"98":{"start":{"line":225,"column":8},"end":{"line":230,"column":10}},"99":{"start":{"line":232,"column":8},"end":{"line":234,"column":9}},"100":{"start":{"line":233,"column":12},"end":{"line":233,"column":151}},"101":{"start":{"line":236,"column":8},"end":{"line":238,"column":9}},"102":{"start":{"line":237,"column":12},"end":{"line":237,"column":74}},"103":{"start":{"line":242,"column":8},"end":{"line":308,"column":11}},"104":{"start":{"line":244,"column":12},"end":{"line":249,"column":13}},"105":{"start":{"line":248,"column":16},"end":{"line":248,"column":106}},"106":{"start":{"line":251,"column":12},"end":{"line":251,"column":47}},"107":{"start":{"line":252,"column":12},"end":{"line":254,"column":13}},"108":{"start":{"line":253,"column":16},"end":{"line":253,"column":121}},"109":{"start":{"line":256,"column":12},"end":{"line":262,"column":14}},"110":{"start":{"line":264,"column":12},"end":{"line":266,"column":13}},"111":{"start":{"line":265,"column":16},"end":{"line":265,"column":75}},"112":{"start":{"line":270,"column":12},"end":{"line":302,"column":14}},"113":{"start":{"line":272,"column":16},"end":{"line":276,"column":18}},"114":{"start":{"line":278,"column":16},"end":{"line":280,"column":17}},"115":{"start":{"line":279,"column":20},"end":{"line":279,"column":63}},"116":{"start":{"line":282,"column":16},"end":{"line":284,"column":17}},"117":{"start":{"line":283,"column":20},"end":{"line":283,"column":78}},"118":{"start":{"line":286,"column":16},"end":{"line":286,"column":85}},"119":{"start":{"line":287,"column":16},"end":{"line":301,"column":19}},"120":{"start":{"line":289,"column":20},"end":{"line":293,"column":21}},"121":{"start":{"line":292,"column":24},"end":{"line":292,"column":115}},"122":{"start":{"line":295,"column":20},"end":{"line":295,"column":57}},"123":{"start":{"line":296,"column":20},"end":{"line":298,"column":21}},"124":{"start":{"line":297,"column":24},"end":{"line":297,"column":121}},"125":{"start":{"line":300,"column":20},"end":{"line":300,"column":46}},"126":{"start":{"line":304,"column":12},"end":{"line":307,"column":15}},"127":{"start":{"line":306,"column":16},"end":{"line":306,"column":75}},"128":{"start":{"line":313,"column":0},"end":{"line":324,"column":2}},"129":{"start":{"line":318,"column":4},"end":{"line":320,"column":5}},"130":{"start":{"line":319,"column":8},"end":{"line":319,"column":81}},"131":{"start":{"line":321,"column":4},"end":{"line":321,"column":78}},"132":{"start":{"line":322,"column":4},"end":{"line":322,"column":124}},"133":{"start":{"line":323,"column":4},"end":{"line":323,"column":119}},"134":{"start":{"line":327,"column":0},"end":{"line":337,"column":2}},"135":{"start":{"line":329,"column":4},"end":{"line":329,"column":33}},"136":{"start":{"line":330,"column":4},"end":{"line":336,"column":6}},"137":{"start":{"line":340,"column":0},"end":{"line":349,"column":2}},"138":{"start":{"line":344,"column":4},"end":{"line":346,"column":6}},"139":{"start":{"line":348,"column":4},"end":{"line":348,"column":116}},"140":{"start":{"line":352,"column":0},"end":{"line":362,"column":2}},"141":{"start":{"line":356,"column":4},"end":{"line":359,"column":6}},"142":{"start":{"line":361,"column":4},"end":{"line":361,"column":129}},"143":{"start":{"line":365,"column":0},"end":{"line":374,"column":2}},"144":{"start":{"line":369,"column":4},"end":{"line":371,"column":6}},"145":{"start":{"line":373,"column":4},"end":{"line":373,"column":72}},"146":{"start":{"line":377,"column":0},"end":{"line":432,"column":2}},"147":{"start":{"line":379,"column":4},"end":{"line":379,"column":34}},"148":{"start":{"line":383,"column":4},"end":{"line":383,"column":70}},"149":{"start":{"line":384,"column":4},"end":{"line":384,"column":69}},"150":{"start":{"line":385,"column":4},"end":{"line":385,"column":54}},"151":{"start":{"line":386,"column":4},"end":{"line":386,"column":65}},"152":{"start":{"line":387,"column":4},"end":{"line":387,"column":87}},"153":{"start":{"line":391,"column":4},"end":{"line":395,"column":6}},"154":{"start":{"line":397,"column":4},"end":{"line":406,"column":5}},"155":{"start":{"line":398,"column":8},"end":{"line":398,"column":59}},"156":{"start":{"line":399,"column":8},"end":{"line":405,"column":9}},"157":{"start":{"line":400,"column":12},"end":{"line":400,"column":38}},"158":{"start":{"line":403,"column":12},"end":{"line":403,"column":50}},"159":{"start":{"line":404,"column":12},"end":{"line":404,"column":89}},"160":{"start":{"line":408,"column":4},"end":{"line":410,"column":5}},"161":{"start":{"line":409,"column":8},"end":{"line":409,"column":68}},"162":{"start":{"line":412,"column":4},"end":{"line":412,"column":46}},"163":{"start":{"line":413,"column":4},"end":{"line":431,"column":7}},"164":{"start":{"line":415,"column":8},"end":{"line":417,"column":9}},"165":{"start":{"line":416,"column":12},"end":{"line":416,"column":98}},"166":{"start":{"line":419,"column":8},"end":{"line":421,"column":9}},"167":{"start":{"line":420,"column":12},"end":{"line":420,"column":127}},"168":{"start":{"line":423,"column":8},"end":{"line":428,"column":9}},"169":{"start":{"line":424,"column":12},"end":{"line":424,"column":47}},"170":{"start":{"line":425,"column":12},"end":{"line":427,"column":13}},"171":{"start":{"line":426,"column":16},"end":{"line":426,"column":158}},"172":{"start":{"line":430,"column":8},"end":{"line":430,"column":55}},"173":{"start":{"line":435
[...]
                 firstName: profile.first_name,","                    lastName: profile.last_name,","                    email: profile.email,","                    raw: profile","                };","","                return callback();","            });","        }","    };","};",""],"l":{"3":1,"5":0,"7":0,"9":0,"16":0,"18":0,"20":0,"30":0}},"/home/travis/build/npmtest/node-npmtest-bell/node_modules/bell/lib/providers/slack.js":{"path":"/home/travis/build/npmtest/node-npmtest-bell/node_modules/bell/lib/providers/slack.js","s":{"1":1,"2":1,"3":0,"4":0,"5":0,"6":0,"7":0,"8":0,"9":0,"10":0,"11":0,"12":0,"13":0},"b":{"1":[0,0],"2":[0,0]},"f":{"1":0},"fnMap":{"1":{"name":"slackProvider","line":5,"loc":{"start":{"line":5,"column":27},"end":{"line":5,"column":59}}}},"statementMap":{"1":{"start":{"line":3,"column":0},"end":{"line":3,"column":32}},"2":{"start":{"line":5,"column":0},"end":{"line":39,"column":2}},"3":{"start":{"line":7,"column":4},"end":{"line":7,"column":28}},"4":{"start":{"line":8,"column":4},"end":{"line":38,"column":6}},"5":{"start":{"line":16,"column":12},"end":{"line":19,"column":14}},"6":{"start":{"line":22,"column":12},"end":{"line":24,"column":13}},"7":{"start":{"line":23,"column":16},"end":{"line":23,"column":34}},"8":{"start":{"line":27,"column":12},"end":{"line":29,"column":14}},"9":{"start":{"line":30,"column":12},"end":{"line":36,"column":15}},"10":{"start":{"line":32,"column":16},"end":{"line":32,"column":62}},"11":{"start":{"line":33,"column":16},"end":{"line":33,"column":56}},"12":{"start":{"line":34,"column":16},"end":{"line":34,"column":50}},"13":{"start":{"line":35,"column":16},"end":{"line":35,"column":34}}},"branchMap":{"1":{"line":7,"type":"binary-expr","locations":[{"start":{"line":7,"column":14},"end":{"line":7,"column":21}},{"start":{"line":7,"column":25},"end":{"line":7,"column":27}}]},"2":{"line":22,"type":"if","locations":[{"start":{"line":22,"column":12},"end":{"line":22,"column":12}},{"start":{"line":22,"column":12},"end":{"line":22,"column":12}}]}},"code":["'use strict';","","const uri = 'https://slack.com';","","exports = module.exports = function slackProvider(options) {","    // Set defaults in case options are not set","    options = options || {};","    return {","        protocol: 'oauth2',","        auth: `${uri}/oauth/authorize`,","        token: `${uri}/api/oauth.access`,","        // This is the bare minimum scope required to identify the user","        scope: ['identify'],","        profile: (credentials, params, get, callback) => {","","            credentials.profile = {","                access_token: params.access_token,","                scope: params.scope","            };","            // If `extendedProfile` is set to `false`, just return immediately.","            // `access_token` on `credentials.profile` can now be used to call Slack methods.","            if (options.extendedProfile === false) {","                return callback();","            }","            // If `extendedProfile` is true, get information that identifies the user.","            // Call the `auth.test` Slack method, providing the `access_token` as `token`.","            const query = {","                token: params.access_token","            };","            return get(`${uri}/api/auth.test`, query, (profile) => {","","                credentials.profile.user_id = profile.user_id; // Slack User ID","                credentials.profile.user = profile.user; // Slack User Screen Name","                credentials.profile.raw = profile; // Raw Profile","                return callback();","            });","        }","    };","};",""],"l":{"3":1,"5":1,"7":0,"8":0,"16":0,"22":0,"23":0,"27":0,"30":0,"32":0,"33":0,"34":0,"35":0}},"/home/travis/build/npmtest/node-npmtest-bell/node_modules/bell/lib/providers/spotify.js":{"path":"/home/travis/build/npmtest/node-npmtest-bell/node_modules/bell/lib/providers/spotify.js","s":{"1":1,"2":0,"3":0,"4":0,"5":0,"6":0,"7":0,"8":0},"b":{"1":[0,0],"2":[0,0],"3":[0,0]},"f":{"1":0,"2":0},"fnMap":{"1":{"name":"(anonymous_1)","line":3,"loc":{"start":{"line":3,"column":27},"end":{"line":3,"column":46}}},"2":{"name":"(anonymous_2)","line":18,"loc":{"start":{"line":18,"column":17},"end":{"line":18,"column":63}}}},"statementMap":{"1":{"start":{"line":3,"column":0},"end":{"line":34,"column":2}},"2":{"start":{"line":5,"column":4},"end":{"line":5,"column":28}},"3":{"start":{"line":7,"column":4},"end":{"line":7,"column":62}},"4":{"start":{"line":8,"column":4},"end":{"line":8,"column":88}},"5":{"start":{"line":10,"column":4},"end":{"line":33,"column":6}},"6":{"start":{"line":20,"column":12},"end":{"line":31,"column":15}},"7":{"start":{"line":22,"column":16},"end":{"line":28,"column":18}},"8":{"start":{"line":30,"column":16},"end":{"line":30,"column":34}}},"branchMap":{"1":{"line":5,"type":"binary-expr","locations":[{"start":{"line":5,"column":14},"end":{"line":5,"column":21}},{"start":{"line":5,"column":25},"end":{"line":5,"column":27}}]},"2":{"line":7,"type":"binary-expr","locations":[{"start":{"line":7,"column":16},"end":{"line":7,"column":27}},{"start":{"line":7,"column":31},"end":{"line":7,"column":61}}]},"3":{"line":8,"type":"cond-expr","locations":[{"start":{"line":8,"column":31},"end":{"line":8,"column":53}},{"start":{"line":8,"column":56},"end":{"line":8,"column":87}}]}},"code":["'use strict';","","exports = module.exports = function (options) {","","    options = options || {};","","    const uri = options.uri || 'https://accounts.spotify.com';","    const user = options.uri ? options.uri + '/v1/me' : 'https://api.spotify.com/v1/me';","","    return {","        protocol: 'oauth2',","        useParamsAuth: true,","        auth: uri + '/authorize',","        token: uri + '/api/token',","        scope: ['user-read-email'],","        scopeSeparator: ',',","        headers: { 'User-Agent': 'hapi-bell-spotify' },","        profile: function (credentials, params, get, callback) {","","            get(user, null, (profile) => {","","                credentials.profile = {","                    id: profile.id,","                    username: profile.id,","                    displayName: profile.display_name,","                    email: profile.email,","                    raw: profile","                };","","                return callback();","            });","        }","    };","};",""],"l":{"3":1,"5":0,"7":0,"8":0,"10":0,"20":0,"22":0,"30":0}},"/home/travis/build/npmtest/node-npmtest-bell/node_modules/bell/lib/providers/tumblr.js":{"path":"/home/travis/build/npmtest/node-npmtest-bell/node_modules/bell/lib/providers/tumblr.js","s":{"1":1,"2":0,"3":0,"4":0,"5":0},"b":{},"f":{"1":0,"2":0},"fnMap":{"1":{"name":"(anonymous_1)","line":3,"loc":{"start":{"line":3,"column":27},"end":{"line":3,"column":46}}},"2":{"name":"(anonymous_2)","line":11,"loc":{"start":{"line":11,"column":17},"end":{"line":11,"column":63}}}},"statementMap":{"1":{"start":{"line":3,"column":0},"end":{"line":23,"column":2}},"2":{"start":{"line":5,"column":4},"end":{"line":22,"column":6}},"3":{"start":{"line":13,"column":12},"end":{"line":20,"column":15}},"4":{"start":{"line":15,"column":16},"end":{"line":18,"column":18}},"5":{"start":{"line":19,"column":16},"end":{"line":19,"column":34}}},"branchMap":{},"code":["'use strict';","","exports = module.exports = function (options) {","","    return {","        protocol: 'oauth',","        signatureMethod: 'HMAC-SHA1',","        temporary: 'https://www.tumblr.com/oauth/request_token',","        auth: 'https://www.tumblr.com/oauth/authorize',","        token: 'https://www.tumblr.com/oauth/access_token',","        profile: function (credentials, params, get, callback) {","","            get('https://api.tumblr.com/v2/user/info', {}, (profile) => {","","                credentials.profile = {","                    username: profile.response.user.name,","                    raw: profile.response.user","                };","                return callback();","            });","        }","    };","};",""],"l":{"3":1,"5":0,"13":0,"15":0,"19":0}},"/home/travis/build/npmtest/node-npmtest-bell/node_modules/bell/lib/providers/twitch.js":{"path":"/home/travis/build/npmtest/node-npmtest-bell/node_modules/bell/lib/providers/twitch.js","s":{"1":1,"2":0,"3":0,"4":0,"5":0,"6":0},"b":{},"f":{"1":0,"2":0},"fnMap":{"1":{"name":"(anonymous_1)","line":3,"loc":{"start":{"line":3,"column":27},"end":{"line":3,"column":46}}},"2":{"name":"(anonymous_2)","line":12,"loc":{"start":{"line":12,"column":17},"end":{"line":12,"column":63}}}},"statementMap":{"1":{"start":{"line":3,"column":0},"end":{"line":25,"column":2}},"2":{"start":{"line":5,"column":4},"end":{"line":24,"column":6}},"3":{"start":{"line":14,"column":12},"end":{"line":16,"column":14}},"4":{"start":{"line":18,"column":12},"end":{"line":22,"column":15}},"5":{"start":{"line":20,"column":16},"end":{"line":20,"column":46}},"6":{"start":{"line":21,"column":16},"end":{"line":21,"column":34}}},"branchMap":{},"code":["'use strict';","","exports = module.exports = function (options) {","","    return {","        protocol: 'oauth2',","        useParamsAuth: true,","        auth: 'https://api.twitch.tv/kraken/oauth2/authorize',","        token: 'https://api.twitch.tv/kraken/oauth2/token',","        scope: ['user_read'],","        scopeSeparator: ' ',","        profile: function (credentials, params, get, callback) {","","            const queryOptions = {","                oauth_token: params.access_token","            };","","            get('https://api.twitch.tv/kraken/user', queryOptions, (profile) => {","","                credentials.profile = profile;","                return callback();","            });","        }","    };","};",""],"l":{"3":1,"5":0,"14":0,"18":0,"20":0,"21":0}},"/home/travis/build/npmtest/node-npmtest-bell/node_modules/bell/lib/providers/twitter.js":{"path":"/home/travis/build/npmtest/node-npmtest-bell/node_modules/bell/lib/providers/twitter.js","s":{"1":1,"2":1,"3":0,"4":0,"5":0,"6":0,"7":0,"8":0,"9":0,"10":0,"11":0,"12":0,"13":0,"14":0},"b":{"1":[0,0],"2":[0,0],"3":[0,0]},"f":{"1":0,"2":0},"fnMap":{"1":{"name":"(anonymous_1)","line":5,"loc":{"start":{"line":5,"column":27},"end":{"line":5,"column":46}}},"2":{"name":"(anonymous_2)","line":19,"loc":{"start":{"line":19,"column":17},"end":{"line":19,"column":63}}}},"statementMap":{"1":{"start":{"line":3,"column":0},"end":{"line":3,"column":29}},"2":{"start":{"line":5,"column":0},"end":{"line":43,"column":2}},"3":{"start":{"line":7,"column":4},"end":{"line":10,"column":6}},"4":{"start":{"line":11,"column":4},"end":{"line":11,"column":67}},"5":{"start":{"line":13,"column":4},"end":{"line":42,"column":6}},"6":{"start":{"line":21,"column":12},"end":{"line":24,"column":14}},"7":{"start":{"line":26,"column":12},"end":{"line":28,"column":13}},"8":{"start":{"line":27,"column":16},"end":{"line":27,"column":34}},"9":{"start":{"line":30,"column":12},"end":{"line":32,"column":14}},"10":{"start":{"line":33,"column":12},"end":{"line":33,"column":92}},"11":{"start":{"line":35,"column":12},"end":{"line":40,"column":15}},"12":{"start":{"line":37,"column":16},"end":{"line":37,"column":63}},"13":{"start":{"line":38,"column":16},"end":{"line":38,"column":50}},"14":{"start":{"line":39,"column":16},"end":{"line":39,"column":34}}},"branchMap":{"1":{"line":11,"type":"binary-expr","locations":[{"start":{"line":11,"column":52},"end":{"line":11,"column":59}},{"start":{"line":11,"column":63},"end":{"line":11,"column":65}}]},"2":{"line":26,"type":"if","locations":[{"start":{"line":26,"column":12},"end":{"line":26,"column":12}},{"start":{"line":26,"column":12},"end":{"line":26,"column":12}}]},"3":{"line":33,"type":"binary-expr","locations":[{"start":{"line":33,"column":66},"end":{"line":33,"column":84}},{"start":{"line":33,"column":88},"end":{"line":33,"column":90}}]}},"code":["'use strict';","","const Hoek = require('hoek');","","exports = module.exports = function (options) {","","    const defaults = {","        extendedProfile: true,","        getMethod: 'users/show'","    };","    const settings = Hoek.applyToDefaults(defaults, options || {});","","    return {","        protocol: 'oauth',","        signatureMethod: 'HMAC-SHA1',","        temporary: 'https://api.twitter.com/oauth/request_token',","        auth: 'https://api.twitter.com/oauth/authenticate',","        token: 'https://api.twitter.com/oauth/access_token',","        profile: function (credentials, params, get, callback) {","","            credentials.profile = {","                id: params.user_id,","                username: params.screen_name","            };","","            if (settings.extendedProfile === false) {      // Defaults to true","                return callback();","            }","","            const paramDefaults = {","                user_id: params.user_id","            };","            const getParams = Hoek.applyToDefaults(paramDefaults, settings.getParams || {});","","            get(`https://api.twitter.com/1.1/${settings.getMethod}.json`, getParams, (profile) => {","","                credentials.profile.displayName = profile.name;","                credentials.profile.raw = profile;","                return callback();","            });","        }","    };","};",""],"l":{"3":1,"5":1,"7":0,"11":0,"13":0,"21":0,"26":0,"27":0,"30":0,"33":0,"35":0,"37":0,"38":0,"39":0}},"/home/travis/build/npmtest/node-npmtest-bell/node_modules/bell/lib/providers/vk.js":{"path":"/home/travis/build/npmtest/node-npmtest-bell/node_modules/bell/lib/providers/vk.js","s":{"1":1,"2":0,"3":0,"4":0,"5":0,"6":0,"7":0},"b":{},"f":{"1":0,"2":0},"fnMap":{"1":{"name":"(anonymous_1)","line":3,"loc":{"start":{"line":3,"column":27},"end":{"line":3,"column":46}}},"2":{"name":"(anonymous_2)","line":10,"loc":{"start":{"line":10,"column":17},"end":{"line":10,"column":63}}}},"statementMap":{"1":{"start":{"line":3,"column":0},"end":{"line":34,"column":2}},"2":{"start":{"line":5,"column":4},"end":{"line":33,"column":6}},"3":{"start":{"line":12,"column":12},"end":{"line":15,"column":14}},"4":{"start":{"line":17,"column":12},"end":{"line":31,"column":15}},"5":{"start":{"line":19,"column":16},"end":{"line":19,"column":49}},"6":{"start":{"line":20,"column":16},"end":{"line":28,"column":18}},"7":{"start":{"line":30,"column":16},"end":{"line":30,"column":34}}},"branchMap":{},"code":["'use strict';","","exports = module.exports = function (options) {","","    return {","        protocol: 'oauth2',","        useParamsAuth: true,","        auth: 'https://oauth.vk.com/authorize',","        token: 'https://oauth.vk.com/access_token',","        profile: function (credentials, params, get, callback) {","","            const query = {","                uids: params.user_id,","                access_token: params.access_token","            };","","            get('https://api.vk.com/method/users.get', query, (data) => {","","                const profile = data.response[0];","                credentials.profile = {","                    id: profile.uid,","                    displayName: profile.first_name + ' ' + profile.last_name,","                    name: {","                        first: profile.first_name,","                        last: profile.last_name","                    },","                    raw: profile","                };","","                return callback();","            });","        }","    };","};",""],"l":{"3":1,"5":0,"12":0,"17":0,"19":0,"20":0,"30":0}},"/home/travis/build/npmtest/node-npmtest-bell/node_modules/bell/lib/providers/wordpress.js":{"path":"/home/travis/build/npmtest/node-npmtest-bell/node_modules/bell/lib/providers/wordpress.js","s":{"1":1,"2":1,"3":0,"4":0,"5":0,"6":0,"7":0,"8":0,"9":0,"10":0,"11":0,"12":0},"b":{},"f":{"1":0,"2":0},"fnMap":{"1":{"name":"(anonymous_1)","line":5,"loc":{"start":{"line":5,"column":27},"end":{"line":5,"column":39}}},"2":{"name":"(anonymous_2)","line":15,"loc":{"start":{"line":15,"column":17},"end":{"line":15,"column":63}}}},"statementMap":{"1":{"start":{"line":3,"column":0},"end":{"line":3,"column":33}},"2":{"start":{"line":5,"column":0},"end":{"line":35,"column":2}},"3":{"start":{"line":7,"column":4},"end":{"line":7,"column":56}},"4":{"start":{"line":9,"column":4},"end":{"line":34,"column":6}},"5":{"start":{"line":17,"column":12},"end":{"line":21,"column":14}},"6":{"start":{"line":23,"column":12},"end":{"line":23,"column":37}},"7":{"start":{"line":25,"column":12},"end":{"line":32,"column":15}},"8":{"start":{"line":27,"column":16},"end":{"line":27,"column":52}},"9":{"start":{"line":28,"column":16},"end":{"line":28,"column":64}},"10":{"start":{"line":29,"column":16},"end":{"line":29,"column":71}},"11":{"start":{"line":30,"column":16},"end":{"line":30,"column":50}},"12":{"start":{"line":31,"column":16},"end":{"line":31,"column":34}}},"branchMap":{},"code":["'use strict';","","const Crypto = require('crypto');","","exports = module.exports = function () {","","    const baseUrl = 'https://public-api.wordpress.com/';","","    return {","        protocol: 'oauth2',","        useParamsAuth: true,","        auth: `${baseUrl}oauth2/authorize`,","        token: `${baseUrl}oauth2/token`,","        scope: ['global'],","        profile: function (credentials, params, get, callback) {","","            const query = {","                format: 'json',","                token: credentials.token,","                appsecret_proof: Crypto.createHmac('sha256', this.clientSecret).update(credentials.token).digest('hex')","            };","","            credentials.profile = {};","","            get(`${baseUrl}rest/v1.1/me`, query, (profile) => {","","                credentials.profile.id = profile.ID;","                credentials.profile.username = profile.username;","                credentials.profile.displayName = profile.display_name;","                credentials.profile.raw = profile;","                return callback();","            });","        }","    };","};",""],"l":{"3":1,"5":1,"7":0,"9":0,"17":0,"23":0,"25":0,"27":0,"28":0,"29":0,"30":0,"31":0}},"/home/travis/build/npmtest/node-npmtest-bell/node_modules/bell/lib/providers/yahoo.js":{"path":"/home/travis/build/npmtest/node-npmtest-bell/node_modules/bell/lib/providers/yahoo.js","s":{"1":1,"2":0,"3":0,"4":0,"5":0},"b":{},"f":{"1":0,"2":0},"fnMap":{"1":{"name":"(anonymous_1)","line":3,"loc":{"start":{"line":3,"column":27},"end":{"line":3,"column":46}}},"2":{"name":"(anonymous_2)","line":11,"loc":{"start":{"line":11,"column":17},"end":{"line":11,"column":63}}}},"statementMap":{"1":{"start":{"line":3,"column":0},"end":{"line":29,"column":2}},"2":{"start":{"line":5,"column":4},"end":{"line":28,"column":6}},"3":{"start":{"line":13,"column":12},"end":{"line":26,"column":15}},"4":{"start":{"line":15,"column":16},"end":{"line":23,"column":18}},"5":{"start":{"line":25,"column":16},"end":{"line":25,"column":34}}},"branchMap":{},"code":["'use strict';","","exports = module.exports = function (options) {","","    return {","        protocol: 'oauth',","        signatureMethod: 'HMAC-SHA1',","        temporary: 'https://api.login.yahoo.com/oauth/v2/get_request_token',","        auth: 'https://api.login.yahoo.com/oauth/v2/request_auth',","        token: 'https://api.login.yahoo.com/oauth/v2/get_token',","        profile: function (credentials, params, get, callback) {","","            get('https://social.yahooapis.com/v1/user/' + params.xoauth_yahoo_guid + '/profile', { format: 'json' }, (profile) => {","","                credentials.profile = {","                    id: profile.profile.guid,","                    displayName: profile.profile.givenName + ' ' + profile.profile.familyName,","                    name: {","                        first: profile.profile.givenName,","                        last: profile.profile.familyName","                    },","                    raw: profile","                };","","                return callback();","            });","        }","    };","};",""],"l":{"3":1,"5":0,"13":0,"15":0,"25":0}}}